Is throttled??
throttled=0x0
Result of running: 
Monitoring and actisense-serial IS NOT running
Attempt 1
FATAL 2021-07-22T00:21:54.362Z [actisense-serial] Cannot open NGT-1-A device /dev/ttyUSB0
Is throttled??
throttled=0x0
Result of running: 
Monitoring and actisense-serial IS NOT running
Is throttled??
throttled=0x0
Result of running: 
Monitoring and actisense-serial IS NOT running
Is throttled??
throttled=0x0
Result of running: 
Monitoring and actisense-serial IS NOT running
Attempt 1 baud rate 230400
FATAL 2021-07-23T03:04:05.151Z [actisense-serial] Cannot open NGT-1-A device /dev/ttyUSB0
Is throttled??
throttled=0x0
Result of running: 
Monitoring and actisense-serial IS NOT running
Is throttled??
throttled=0x0
Result of running: 
Monitoring and actisense-serial IS NOT running
Is throttled??
throttled=0x0
Result of running: 
Monitoring and actisense-serial IS NOT running
Attempt 2
FATAL 2021-07-23T03:04:10.477Z [actisense-serial] Cannot open NGT-1-A device /dev/ttyUSB0
Is throttled??
throttled=0x0
Result of running: 
Monitoring and actisense-serial IS NOT running
Is throttled??
throttled=0x0
Result of running: 
Monitoring and actisense-serial IS NOT running
Is throttled??
throttled=0x0
Result of running: 
Monitoring and actisense-serial IS NOT running
Is throttled??
throttled=0x0
Result of running: 
Monitoring and actisense-serial IS NOT running
Attempt 2 baud rate 230400
FATAL 2021-07-23T03:04:15.861Z [actisense-serial] Cannot open NGT-1-A device /dev/ttyUSB0
Is throttled??
throttled=0x0
Result of running: 
Monitoring and actisense-serial IS NOT running
Is throttled??
throttled=0x0
Result of running: 
Monitoring and actisense-serial IS NOT running
Is throttled??
throttled=0x0
Result of running: 
Monitoring and actisense-serial IS NOT running
Attempt 3
FATAL 2021-07-23T03:04:21.463Z [actisense-serial] Cannot open NGT-1-A device /dev/ttyUSB0
Is throttled??
throttled=0x0
Result of running: 
Monitoring and actisense-serial IS NOT running
Is throttled??
throttled=0x0
Result of running: 
Monitoring and actisense-serial IS NOT running
Is throttled??
throttled=0x0
Result of running: 
Monitoring and actisense-serial IS NOT running
Attempt 3 baud rate 230400
FATAL 2021-07-23T03:04:26.864Z [actisense-serial] Cannot open NGT-1-A device /dev/ttyUSB0
Is throttled??
throttled=0x0
Result of running: 
Monitoring and actisense-serial IS NOT running
Is throttled??
throttled=0x0
Result of running: 
Monitoring and actisense-serial IS NOT running
Is throttled??
throttled=0x0
Result of running: 
Monitoring and actisense-serial IS NOT running
Is throttled??
throttled=0x0
Result of running: 
Monitoring and actisense-serial IS NOT running
Attempt 4
FATAL 2021-07-23T03:04:30.869Z [actisense-serial] Cannot open NGT-1-A device /dev/ttyUSB0
Is throttled??
throttled=0x0
Result of running: 
Monitoring and actisense-serial IS NOT running
Is throttled??
throttled=0x0
Result of running: 
Monitoring and actisense-serial IS NOT running
Is throttled??
throttled=0x0
Result of running: 
Monitoring and actisense-serial IS NOT running
Attempt 4 baud rate 230400
FATAL 2021-07-23T03:04:36.271Z [actisense-serial] Cannot open NGT-1-A device /dev/ttyUSB0
Is throttled??
throttled=0x0
Result of running: 
Monitoring and actisense-serial IS NOT running
Is throttled??
throttled=0x0
Result of running: 
Monitoring and actisense-serial IS NOT running
Is throttled??
throttled=0x0
Result of running: 
Monitoring and actisense-serial IS NOT running
Is throttled??
throttled=0x0
Result of running: 
Monitoring and actisense-serial IS NOT running
Attempt 5
FATAL 2021-07-23T03:04:41.590Z [actisense-serial] Cannot open NGT-1-A device /dev/ttyUSB0
Is throttled??
throttled=0x0
Result of running: 
Monitoring and actisense-serial IS NOT running
Is throttled??
throttled=0x0
Result of running: 
Monitoring and actisense-serial IS NOT running
Is throttled??
throttled=0x0
Result of running: 
Monitoring and actisense-serial IS NOT running
Attempt 5 baud rate 230400
FATAL 2021-07-23T03:04:47.172Z [actisense-serial] Cannot open NGT-1-A device /dev/ttyUSB0
Is throttled??
throttled=0x0
Result of running: 
Monitoring and actisense-serial IS NOT running
Is throttled??
throttled=0x0
Result of running: 
Monitoring and actisense-serial IS NOT running
Is throttled??
throttled=0x0
Result of running: 
Monitoring and actisense-serial IS NOT running
Attempt 6
FATAL 2021-07-23T03:04:52.562Z [actisense-serial] Cannot open NGT-1-A device /dev/ttyUSB0
Is throttled??
throttled=0x0
Result of running: 
Monitoring and actisense-serial IS NOT running
Is throttled??
throttled=0x0
Result of running: 
Monitoring and actisense-serial IS NOT running
Is throttled??
throttled=0x0
Result of running: 
Monitoring and actisense-serial IS NOT running
Is throttled??
throttled=0x0
Result of running: 
Monitoring and actisense-serial IS NOT running
Attempt 6 baud rate 230400
FATAL 2021-07-23T03:04:58.234Z [actisense-serial] Cannot open NGT-1-A device /dev/ttyUSB0
Is throttled??
throttled=0x0
Result of running: 
Monitoring and actisense-serial IS NOT running
Is throttled??
throttled=0x0
Result of running: 
Monitoring and actisense-serial IS NOT running
Is throttled??
throttled=0x0
Result of running: 
Monitoring and actisense-serial IS NOT running
Attempt 7
FATAL 2021-07-23T03:05:03.637Z [actisense-serial] Cannot open NGT-1-A device /dev/ttyUSB0
Is throttled??
throttled=0x0
Result of running: 
Monitoring and actisense-serial IS NOT running
Is throttled??
throttled=0x0
Result of running: 
Monitoring and actisense-serial IS NOT running
Is throttled??
throttled=0x0
Result of running: 
Monitoring and actisense-serial IS NOT running
Is throttled??
throttled=0x0
Result of running: 
Monitoring and actisense-serial IS NOT running
Attempt 7 baud rate 230400
FATAL 2021-07-23T03:05:08.955Z [actisense-serial] Cannot open NGT-1-A device /dev/ttyUSB0
Is throttled??
throttled=0x0
Result of running: 
Monitoring and actisense-serial IS NOT running
Is throttled??
throttled=0x0
Result of running: 
Monitoring and actisense-serial IS NOT running
Is throttled??
throttled=0x0
Result of running: 
Monitoring and actisense-serial IS NOT running
Attempt 8
FATAL 2021-07-23T03:05:14.572Z [actisense-serial] Cannot open NGT-1-A device /dev/ttyUSB0
Is throttled??
throttled=0x0
Result of running: 
Monitoring and actisense-serial IS NOT running
Is throttled??
throttled=0x0
Result of running: 
Monitoring and actisense-serial IS NOT running
Is throttled??
throttled=0x0
Result of running: 
Monitoring and actisense-serial IS NOT running
Attempt 8 baud rate 230400
FATAL 2021-07-23T03:05:19.958Z [actisense-serial] Cannot open NGT-1-A device /dev/ttyUSB0
Is throttled??
throttled=0x0
Result of running: 
Monitoring and actisense-serial IS NOT running
Is throttled??
throttled=0x0
Result of running: 
Monitoring and actisense-serial IS NOT running
Is throttled??
throttled=0x0
Result of running: 
Monitoring and actisense-serial IS NOT running
Is throttled??
throttled=0x0
Result of running: 
Monitoring and actisense-serial IS NOT running
Attempt 9
FATAL 2021-07-23T03:05:25.278Z [actisense-serial] Cannot open NGT-1-A device /dev/ttyUSB0
Is throttled??
throttled=0x0
Result of running: 
Monitoring and actisense-serial IS NOT running
Is throttled??
throttled=0x0
Result of running: 
Monitoring and actisense-serial IS NOT running
Is throttled??
throttled=0x0
Result of running: 
Monitoring and actisense-serial IS NOT running
Attempt 9 baud rate 230400
FATAL 2021-07-23T03:05:30.781Z [actisense-serial] Cannot open NGT-1-A device /dev/ttyUSB0
Is throttled??
throttled=0x0
Result of running: 
Monitoring and actisense-serial IS NOT running
Is throttled??
throttled=0x0
Result of running: 
Monitoring and actisense-serial IS NOT running
Is throttled??
throttled=0x0
Result of running: 
Monitoring and actisense-serial IS NOT running
Attempt 10
FATAL 2021-07-23T03:05:36.181Z [actisense-serial] Cannot open NGT-1-A device /dev/ttyUSB0
Is throttled??
throttled=0x0
Result of running: 
Monitoring and actisense-serial IS NOT running
Is throttled??
throttled=0x0
Result of running: 
Monitoring and actisense-serial IS NOT running
Is throttled??
throttled=0x0
Result of running: 
Monitoring and actisense-serial IS NOT running
Is throttled??
throttled=0x0
Result of running: 
Monitoring and actisense-serial IS NOT running
Attempt 10 baud rate 230400
FATAL 2021-07-23T03:05:41.908Z [actisense-serial] Cannot open NGT-1-A device /dev/ttyUSB0
Is throttled??
throttled=0x0
Result of running: 
Monitoring and actisense-serial IS NOT running
Is throttled??
throttled=0x0
Result of running: 
Monitoring and actisense-serial IS NOT running
Is throttled??
throttled=0x0
Result of running: 
Monitoring and actisense-serial IS NOT running
Attempt 11
FATAL 2021-07-23T03:05:47.290Z [actisense-serial] Cannot open NGT-1-A device /dev/ttyUSB0
Is throttled??
throttled=0x0
Result of running: 
Monitoring and actisense-serial IS NOT running
Is throttled??
throttled=0x0
Result of running: 
Monitoring and actisense-serial IS NOT running
Is throttled??
throttled=0x0
Result of running: 
Monitoring and actisense-serial IS NOT running
Is throttled??
throttled=0x0
Result of running: 
Monitoring and actisense-serial IS NOT running
Attempt 11 baud rate 230400
FATAL 2021-07-23T03:05:52.614Z [actisense-serial] Cannot open NGT-1-A device /dev/ttyUSB0
Is throttled??
throttled=0x0
Result of running: 
Monitoring and actisense-serial IS NOT running
Is throttled??
throttled=0x0
Result of running: 
Monitoring and actisense-serial IS NOT running
Is throttled??
throttled=0x0
Result of running: 
Monitoring and actisense-serial IS NOT running
Attempt 12
FATAL 2021-07-23T03:05:58.110Z [actisense-serial] Cannot open NGT-1-A device /dev/ttyUSB0
Is throttled??
throttled=0x0
Result of running: 
Monitoring and actisense-serial IS NOT running
Is throttled??
throttled=0x0
Result of running: 
Monitoring and actisense-serial IS NOT running
Is throttled??
throttled=0x0
Result of running: 
Monitoring and actisense-serial IS NOT running
Attempt 12 baud rate 230400
FATAL 2021-07-23T03:06:03.492Z [actisense-serial] Cannot open NGT-1-A device /dev/ttyUSB0
Is throttled??
throttled=0x0
Result of running: 
Monitoring and actisense-serial IS NOT running
Is throttled??
throttled=0x0
Result of running: 
Monitoring and actisense-serial IS NOT running
Is throttled??
throttled=0x0
Result of running: 
Monitoring and actisense-serial IS NOT running
Is throttled??
throttled=0x0
Result of running: 
Monitoring and actisense-serial IS NOT running
Attempt 13
FATAL 2021-07-23T03:06:09.228Z [actisense-serial] Cannot open NGT-1-A device /dev/ttyUSB0
Is throttled??
throttled=0x0
Result of running: 
Monitoring and actisense-serial IS NOT running
Is throttled??
throttled=0x0
Result of running: 
Monitoring and actisense-serial IS NOT running
Is throttled??
throttled=0x0
Result of running: 
Monitoring and actisense-serial IS NOT running
Attempt 13 baud rate 230400
FATAL 2021-07-23T03:06:14.622Z [actisense-serial] Cannot open NGT-1-A device /dev/ttyUSB0
Is throttled??
throttled=0x0
Result of running: 
Monitoring and actisense-serial IS NOT running
Is throttled??
throttled=0x0
Result of running: 
Monitoring and actisense-serial IS NOT running
Is throttled??
throttled=0x0
Result of running: 
Monitoring and actisense-serial IS NOT running
Is throttled??
throttled=0x0
Result of running: 
Monitoring and actisense-serial IS NOT running
Attempt 14
FATAL 2021-07-23T03:06:19.939Z [actisense-serial] Cannot open NGT-1-A device /dev/ttyUSB0
Is throttled??
throttled=0x0
Result of running: 
Monitoring and actisense-serial IS NOT running
Is throttled??
throttled=0x0
Result of running: 
Monitoring and actisense-serial IS NOT running
Is throttled??
throttled=0x0
Result of running: 
Monitoring and actisense-serial IS NOT running
Attempt 14 baud rate 230400
FATAL 2021-07-23T03:06:25.540Z [actisense-serial] Cannot open NGT-1-A device /dev/ttyUSB0
Is throttled??
throttled=0x0
Result of running: 
Monitoring and actisense-serial IS NOT running
Is throttled??
throttled=0x0
Result of running: 
Monitoring and actisense-serial IS NOT running
Is throttled??
throttled=0x0
Result of running: 
Monitoring and actisense-serial IS NOT running
Attempt 15
FATAL 2021-07-23T03:06:30.925Z [actisense-serial] Cannot open NGT-1-A device /dev/ttyUSB0
Is throttled??
throttled=0x0
Result of running: 
Monitoring and actisense-serial IS NOT running
Is throttled??
throttled=0x0
Result of running: 
Monitoring and actisense-serial IS NOT running
Is throttled??
throttled=0x0
Result of running: 
Monitoring and actisense-serial IS NOT running
Is throttled??
throttled=0x0
Result of running: 
Monitoring and actisense-serial IS NOT running
Attempt 15 baud rate 230400
FATAL 2021-07-23T03:06:36.660Z [actisense-serial] Cannot open NGT-1-A device /dev/ttyUSB0
Is throttled??
throttled=0x0
Result of running: 
Monitoring and actisense-serial IS NOT running
Is throttled??
throttled=0x0
Result of running: 
Monitoring and actisense-serial IS NOT running
Is throttled??
throttled=0x0
Result of running: 
Monitoring and actisense-serial IS NOT running
Attempt 16
FATAL 2021-07-23T03:06:42.012Z [actisense-serial] Cannot open NGT-1-A device /dev/ttyUSB0
Is throttled??
throttled=0x0
Result of running: 
Monitoring and actisense-serial IS NOT running
Is throttled??
throttled=0x0
Result of running: 
Monitoring and actisense-serial IS NOT running
Is throttled??
throttled=0x0
Result of running: 
Monitoring and actisense-serial IS NOT running
Is throttled??
throttled=0x0
Result of running: 
Monitoring and actisense-serial IS NOT running
Attempt 16 baud rate 230400
FATAL 2021-07-23T03:06:47.715Z [actisense-serial] Cannot open NGT-1-A device /dev/ttyUSB0
Is throttled??
throttled=0x0
Result of running: 
Monitoring and actisense-serial IS NOT running
Is throttled??
throttled=0x0
Result of running: 
Monitoring and actisense-serial IS NOT running
Is throttled??
throttled=0x0
Result of running: 
Monitoring and actisense-serial IS NOT running
Attempt 17
FATAL 2021-07-23T03:06:53.108Z [actisense-serial] Cannot open NGT-1-A device /dev/ttyUSB0
Is throttled??
throttled=0x0
Result of running: 
Monitoring and actisense-serial IS NOT running
Is throttled??
throttled=0x0
Result of running: 
Monitoring and actisense-serial IS NOT running
Is throttled??
throttled=0x0
Result of running: 
Monitoring and actisense-serial IS NOT running
Is throttled??
throttled=0x0
Result of running: 
Monitoring and actisense-serial IS NOT running
Attempt 17 baud rate 230400
FATAL 2021-07-23T03:06:58.729Z [actisense-serial] Cannot open NGT-1-A device /dev/ttyUSB0
Is throttled??
throttled=0x0
Result of running: 
Monitoring and actisense-serial IS NOT running
Is throttled??
throttled=0x0
Result of running: 
Monitoring and actisense-serial IS NOT running
Is throttled??
throttled=0x0
Result of running: 
Monitoring and actisense-serial IS NOT running
Attempt 18
FATAL 2021-07-23T03:07:04.125Z [actisense-serial] Cannot open NGT-1-A device /dev/ttyUSB0
Is throttled??
throttled=0x0
Result of running: 
Monitoring and actisense-serial IS NOT running
Is throttled??
throttled=0x0
Result of running: 
Monitoring and actisense-serial IS NOT running
Is throttled??
throttled=0x0
Result of running: 
Monitoring and actisense-serial IS NOT running
Is throttled??
throttled=0x0
Result of running: 
Monitoring and actisense-serial IS NOT running
Attempt 18 baud rate 230400
FATAL 2021-07-23T03:07:09.743Z [actisense-serial] Cannot open NGT-1-A device /dev/ttyUSB0
Is throttled??
throttled=0x0
Result of running: 
Monitoring and actisense-serial IS NOT running
Is throttled??
throttled=0x0
Result of running: 
Monitoring and actisense-serial IS NOT running
Is throttled??
throttled=0x0
Result of running: 
Monitoring and actisense-serial IS NOT running
Attempt 19
FATAL 2021-07-23T03:07:15.142Z [actisense-serial] Cannot open NGT-1-A device /dev/ttyUSB0
Is throttled??
throttled=0x0
Result of running: 
Monitoring and actisense-serial IS NOT running
Is throttled??
throttled=0x0
Result of running: 
Monitoring and actisense-serial IS NOT running
Is throttled??
throttled=0x0
Result of running: 
Monitoring and actisense-serial IS NOT running
Is throttled??
throttled=0x0
Result of running: 
Monitoring and actisense-serial IS NOT running
Attempt 19 baud rate 230400
FATAL 2021-07-23T03:07:20.524Z [actisense-serial] Cannot open NGT-1-A device /dev/ttyUSB0
Is throttled??
throttled=0x0
Result of running: 
Monitoring and actisense-serial IS NOT running
Is throttled??
throttled=0x0
Result of running: 
Monitoring and actisense-serial IS NOT running
Is throttled??
throttled=0x0
Result of running: 
Monitoring and actisense-serial IS NOT running
Attempt 20
FATAL 2021-07-23T03:07:26.278Z [actisense-serial] Cannot open NGT-1-A device /dev/ttyUSB0
Is throttled??
throttled=0x0
Result of running: 
Monitoring and actisense-serial IS NOT running
Is throttled??
throttled=0x0
Result of running: 
Monitoring and actisense-serial IS NOT running
Is throttled??
throttled=0x0
Result of running: 
Monitoring and actisense-serial IS NOT running
Attempt 20 baud rate 230400
FATAL 2021-07-23T03:07:31.675Z [actisense-serial] Cannot open NGT-1-A device /dev/ttyUSB0
Is throttled??
throttled=0x0
Result of running: 
Monitoring and actisense-serial IS NOT running
Is throttled??
throttled=0x0
Result of running: 
Monitoring and actisense-serial IS NOT running
Is throttled??
throttled=0x0
Result of running: 
Monitoring and actisense-serial IS NOT running
Is throttled??
throttled=0x0
Result of running: 
Monitoring and actisense-serial IS NOT running
Attempt 21
FATAL 2021-07-23T03:07:36.996Z [actisense-serial] Cannot open NGT-1-A device /dev/ttyUSB0
Is throttled??
throttled=0x0
Result of running: 
Monitoring and actisense-serial IS NOT running
Is throttled??
throttled=0x0
Result of running: 
Monitoring and actisense-serial IS NOT running
Is throttled??
throttled=0x0
Result of running: 
Monitoring and actisense-serial IS NOT running
Attempt 21 baud rate 230400
FATAL 2021-07-23T03:07:42.482Z [actisense-serial] Cannot open NGT-1-A device /dev/ttyUSB0
Is throttled??
throttled=0x0
Result of running: 
Monitoring and actisense-serial IS NOT running
Is throttled??
throttled=0x0
Result of running: 
Monitoring and actisense-serial IS NOT running
Is throttled??
throttled=0x0
Result of running: 
Monitoring and actisense-serial IS NOT running
Attempt 22
FATAL 2021-07-23T03:07:47.873Z [actisense-serial] Cannot open NGT-1-A device /dev/ttyUSB0
Is throttled??
throttled=0x0
Result of running: 
Monitoring and actisense-serial IS NOT running
Is throttled??
throttled=0x0
Result of running: 
Monitoring and actisense-serial IS NOT running
Is throttled??
throttled=0x0
Result of running: 
Monitoring and actisense-serial IS NOT running
Is throttled??
throttled=0x0
Result of running: 
Monitoring and actisense-serial IS NOT running
Attempt 22 baud rate 230400
FATAL 2021-07-23T03:07:53.232Z [actisense-serial] Cannot open NGT-1-A device /dev/ttyUSB0
Is throttled??
throttled=0x0
Result of running: 
Monitoring and actisense-serial IS NOT running
Is throttled??
throttled=0x0
Result of running: 
Monitoring and actisense-serial IS NOT running
Is throttled??
throttled=0x0
Result of running: 
Monitoring and actisense-serial IS NOT running
Attempt 23
FATAL 2021-07-23T03:07:58.746Z [actisense-serial] Cannot open NGT-1-A device /dev/ttyUSB0
Is throttled??
throttled=0x0
Result of running: 
Monitoring and actisense-serial IS NOT running
Is throttled??
throttled=0x0
Result of running: 
Monitoring and actisense-serial IS NOT running
Is throttled??
throttled=0x0
Result of running: 
Monitoring and actisense-serial IS NOT running
Attempt 23 baud rate 230400
FATAL 2021-07-23T03:08:04.127Z [actisense-serial] Cannot open NGT-1-A device /dev/ttyUSB0
Is throttled??
throttled=0x0
Result of running: 
Monitoring and actisense-serial IS NOT running
Is throttled??
throttled=0x0
Result of running: 
Monitoring and actisense-serial IS NOT running
Is throttled??
throttled=0x0
Result of running: 
Monitoring and actisense-serial IS NOT running
Is throttled??
throttled=0x0
Result of running: 
Monitoring and actisense-serial IS NOT running
Attempt 24
FATAL 2021-07-23T03:08:10.006Z [actisense-serial] Cannot open NGT-1-A device /dev/ttyUSB0
Is throttled??
throttled=0x0
Result of running: 
Monitoring and actisense-serial IS NOT running
Is throttled??
throttled=0x0
Result of running: 
Monitoring and actisense-serial IS NOT running
Is throttled??
throttled=0x0
Result of running: 
Monitoring and actisense-serial IS NOT running
Is throttled??
throttled=0x0
Attempt 24 baud rate 230400
FATAL 2021-07-23T03:08:15.405Z [actisense-serial] Cannot open NGT-1-A device /dev/ttyUSB0
Result of running: 
Monitoring and actisense-serial IS NOT running
Is throttled??
throttled=0x0
Result of running: 
Monitoring and actisense-serial IS NOT running
Is throttled??
throttled=0x0
Result of running: 
Monitoring and actisense-serial IS NOT running
Is throttled??
throttled=0x0
Result of running: 
Monitoring and actisense-serial IS NOT running
Attempt 25
FATAL 2021-07-23T03:08:20.942Z [actisense-serial] Cannot open NGT-1-A device /dev/ttyUSB0
Is throttled??
throttled=0x0
Result of running: 
Monitoring and actisense-serial IS NOT running
Is throttled??
throttled=0x0
Result of running: 
Monitoring and actisense-serial IS NOT running
Is throttled??
throttled=0x0
Result of running: 
Monitoring and actisense-serial IS NOT running
Attempt 25 baud rate 230400
FATAL 2021-07-23T03:08:26.334Z [actisense-serial] Cannot open NGT-1-A device /dev/ttyUSB0
Is throttled??
throttled=0x0
Result of running: 
Monitoring and actisense-serial IS NOT running
Is throttled??
throttled=0x0
Result of running: 
Monitoring and actisense-serial IS NOT running
Is throttled??
throttled=0x0
Result of running: 
Monitoring and actisense-serial IS NOT running
Is throttled??
throttled=0x0
Result of running: 
Monitoring and actisense-serial IS NOT running
Attempt 26
FATAL 2021-07-23T03:08:31.711Z [actisense-serial] Cannot open NGT-1-A device /dev/ttyUSB0
Is throttled??
throttled=0x0
Result of running: 
Monitoring and actisense-serial IS NOT running
Is throttled??
throttled=0x0
Result of running: 
Monitoring and actisense-serial IS NOT running
Is throttled??
throttled=0x0
Result of running: 
Monitoring and actisense-serial IS NOT running
Attempt 26 baud rate 230400
FATAL 2021-07-23T03:08:37.502Z [actisense-serial] Cannot open NGT-1-A device /dev/ttyUSB0
Is throttled??
throttled=0x0
Result of running: 
Monitoring and actisense-serial IS NOT running
Is throttled??
throttled=0x0
Result of running: 
Monitoring and actisense-serial IS NOT running
Is throttled??
throttled=0x0
Result of running: 
Monitoring and actisense-serial IS NOT running
Attempt 27
FATAL 2021-07-23T03:08:42.908Z [actisense-serial] Cannot open NGT-1-A device /dev/ttyUSB0
Is throttled??
throttled=0x0
Result of running: 
Monitoring and actisense-serial IS NOT running
Is throttled??
throttled=0x0
Result of running: 
Monitoring and actisense-serial IS NOT running
Is throttled??
throttled=0x0
Result of running: 
Monitoring and actisense-serial IS NOT running
Is throttled??
throttled=0x0
Result of running: 
Monitoring and actisense-serial IS NOT running
Attempt 27 baud rate 230400
FATAL 2021-07-23T03:08:48.584Z [actisense-serial] Cannot open NGT-1-A device /dev/ttyUSB0
Is throttled??
throttled=0x0
Result of running: 
Monitoring and actisense-serial IS NOT running
Is throttled??
throttled=0x0
Result of running: 
Monitoring and actisense-serial IS NOT running
Is throttled??
throttled=0x0
Result of running: 
Monitoring and actisense-serial IS NOT running
Attempt 28
FATAL 2021-07-23T03:08:53.988Z [actisense-serial] Cannot open NGT-1-A device /dev/ttyUSB0
Is throttled??
throttled=0x0
Result of running: 
Monitoring and actisense-serial IS NOT running
Is throttled??
throttled=0x0
Result of running: 
Monitoring and actisense-serial IS NOT running
Is throttled??
throttled=0x0
Result of running: 
Monitoring and actisense-serial IS NOT running
Is throttled??
throttled=0x0
Result of running: 
Monitoring and actisense-serial IS NOT running
Attempt 28 baud rate 230400
FATAL 2021-07-23T03:08:59.307Z [actisense-serial] Cannot open NGT-1-A device /dev/ttyUSB0
Is throttled??
throttled=0x0
Result of running: 
Monitoring and actisense-serial IS NOT running
Is throttled??
throttled=0x0
Result of running: 
Monitoring and actisense-serial IS NOT running
Is throttled??
throttled=0x0
Result of running: 
Monitoring and actisense-serial IS NOT running
Attempt 29
FATAL 2021-07-23T03:09:05.016Z [actisense-serial] Cannot open NGT-1-A device /dev/ttyUSB0
