Result of running: 
Monitoring and actisense-serial IS NOT running
Attempt 1
FATAL 2021-04-14T02:05:39.444Z [actisense-serial] Cannot open NGT-1-A device /dev/ttyUSB0
Result of running: 
Monitoring and actisense-serial IS NOT running
Result of running: 
Monitoring and actisense-serial IS NOT running
Result of running: 
Monitoring and actisense-serial IS NOT running
Attempt 1 baud rate 230400
FATAL 2021-04-17T00:35:31.212Z [actisense-serial] Cannot open NGT-1-A device /dev/ttyUSB0
Result of running: 
Monitoring and actisense-serial IS NOT running
Result of running: 
Monitoring and actisense-serial IS NOT running
Result of running: 
Monitoring and actisense-serial IS NOT running
Attempt 2
FATAL 2021-04-17T00:35:36.564Z [actisense-serial] Cannot open NGT-1-A device /dev/ttyUSB0
Result of running: 
Monitoring and actisense-serial IS NOT running
Result of running: 
Monitoring and actisense-serial IS NOT running
Result of running: 
Monitoring and actisense-serial IS NOT running
Result of running: 
Monitoring and actisense-serial IS NOT running
Attempt 2 baud rate 230400
FATAL 2021-04-17T00:35:41.942Z [actisense-serial] Cannot open NGT-1-A device /dev/ttyUSB0
Result of running: 
Monitoring and actisense-serial IS NOT running
Result of running: 
Monitoring and actisense-serial IS NOT running
Result of running: 
Monitoring and actisense-serial IS NOT running
Attempt 3
FATAL 2021-04-17T00:35:47.567Z [actisense-serial] Cannot open NGT-1-A device /dev/ttyUSB0
Result of running: 
Monitoring and actisense-serial IS NOT running
Result of running: 
Monitoring and actisense-serial IS NOT running
Result of running: 
Monitoring and actisense-serial IS NOT running
Attempt 3 baud rate 230400
FATAL 2021-04-17T00:35:52.918Z [actisense-serial] Cannot open NGT-1-A device /dev/ttyUSB0
Result of running: 
Monitoring and actisense-serial IS NOT running
Result of running: 
Monitoring and actisense-serial IS NOT running
Result of running: 
Monitoring and actisense-serial IS NOT running
Result of running: 
Monitoring and actisense-serial IS NOT running
Attempt 4
FATAL 2021-04-17T00:35:56.188Z [actisense-serial] Cannot open NGT-1-A device /dev/ttyUSB0
Result of running: 
Monitoring and actisense-serial IS NOT running
Result of running: 
Monitoring and actisense-serial IS NOT running
Result of running: 
Monitoring and actisense-serial IS NOT running
Attempt 4 baud rate 230400
FATAL 2021-04-17T00:36:01.720Z [actisense-serial] Cannot open NGT-1-A device /dev/ttyUSB0
Result of running: 
Monitoring and actisense-serial IS NOT running
Result of running: 
Monitoring and actisense-serial IS NOT running
Result of running: 
Monitoring and actisense-serial IS NOT running
Attempt 5
FATAL 2021-04-17T00:36:07.104Z [actisense-serial] Cannot open NGT-1-A device /dev/ttyUSB0
Result of running: 
Monitoring and actisense-serial IS NOT running
Result of running: 
Monitoring and actisense-serial IS NOT running
Result of running: 
Monitoring and actisense-serial IS NOT running
Result of running: 
Monitoring and actisense-serial IS NOT running
Attempt 5 baud rate 230400
FATAL 2021-04-17T00:36:12.761Z [actisense-serial] Cannot open NGT-1-A device /dev/ttyUSB0
Result of running: 
Monitoring and actisense-serial IS NOT running
Result of running: 
Monitoring and actisense-serial IS NOT running
Result of running: 
Monitoring and actisense-serial IS NOT running
Attempt 6
FATAL 2021-04-17T00:36:18.071Z [actisense-serial] Cannot open NGT-1-A device /dev/ttyUSB0
Result of running: 
Monitoring and actisense-serial IS NOT running
Result of running: 
Monitoring and actisense-serial IS NOT running
Result of running: 
Monitoring and actisense-serial IS NOT running
Result of running: 
Monitoring and actisense-serial IS NOT running
Attempt 6 baud rate 230400
FATAL 2021-04-17T00:36:23.422Z [actisense-serial] Cannot open NGT-1-A device /dev/ttyUSB0
Result of running: 
Monitoring and actisense-serial IS NOT running
Result of running: 
Monitoring and actisense-serial IS NOT running
