Is throttled??
throttled=0x0
Result of running: 
Monitoring and actisense-serial IS NOT running
Attempt 1
FATAL 2021-07-29T04:58:42.294Z [actisense-serial] Cannot open NGT-1-A device /dev/ttyUSB0
Is throttled??
throttled=0x0
Result of running: 
Monitoring and actisense-serial IS NOT running
Is throttled??
throttled=0x0
Result of running: 
Monitoring and actisense-serial IS NOT running
Is throttled??
throttled=0x0
Result of running: 
Monitoring and actisense-serial IS NOT running
Attempt 1 baud rate 230400
FATAL 2000-01-01T00:00:50.475Z [actisense-serial] Cannot open NGT-1-A device /dev/ttyUSB0
Is throttled??
throttled=0x0
Result of running: 
Monitoring and actisense-serial IS NOT running
Is throttled??
throttled=0x0
Result of running: 
Monitoring and actisense-serial IS NOT running
Is throttled??
throttled=0x0
Signal 15 (TERM) caught by ps (3.3.15).
ps:ps/display.c:66: please report this bug
