Result of running: 
Monitoring and actisense-serial IS NOT running
Attempt 1
FATAL 2021-05-06T14:54:36.099Z [actisense-serial] Cannot open NGT-1-A device /dev/ttyUSB0
Result of running: 
Monitoring and actisense-serial IS NOT running
Result of running: 
Monitoring and actisense-serial IS NOT running
Result of running: 
Monitoring and actisense-serial IS NOT running
Attempt 1 baud rate 230400
FATAL 2000-01-01T03:10:12.810Z [actisense-serial] Cannot open NGT-1-A device /dev/ttyUSB0
Result of running: 
Monitoring and actisense-serial IS NOT running
Result of running: 
Monitoring and actisense-serial IS NOT running
Result of running: 
Monitoring and actisense-serial IS NOT running
Attempt 2
FATAL 2000-01-01T03:10:18.661Z [actisense-serial] Cannot open NGT-1-A device /dev/ttyUSB0
Result of running: 
Monitoring and actisense-serial IS NOT running
Result of running: 
Monitoring and actisense-serial IS NOT running
Result of running: 
Monitoring and actisense-serial IS NOT running
Attempt 2 baud rate 230400
FATAL 2000-01-01T03:10:24.022Z [actisense-serial] Cannot open NGT-1-A device /dev/ttyUSB0
Result of running: 
Monitoring and actisense-serial IS NOT running
Result of running: 
Monitoring and actisense-serial IS NOT running
Result of running: 
Monitoring and actisense-serial IS NOT running
Result of running: 
Monitoring and actisense-serial IS NOT running
Attempt 3
FATAL 2000-01-01T03:10:29.769Z [actisense-serial] Cannot open NGT-1-A device /dev/ttyUSB0
Result of running: 
Monitoring and actisense-serial IS NOT running
Result of running: 
Monitoring and actisense-serial IS NOT running
Result of running: 
Monitoring and actisense-serial IS NOT running
Attempt 3 baud rate 230400
FATAL 2000-01-01T03:10:35.170Z [actisense-serial] Cannot open NGT-1-A device /dev/ttyUSB0
Result of running: 
Monitoring and actisense-serial IS NOT running
Result of running: 
Monitoring and actisense-serial IS NOT running
Result of running: 
Monitoring and actisense-serial IS NOT running
Result of running: 
Monitoring and actisense-serial IS NOT running
Attempt 4
FATAL 2021-05-09T02:31:14.116Z [actisense-serial] Cannot open NGT-1-A device /dev/ttyUSB0
Result of running: 
Monitoring and actisense-serial IS NOT running
Result of running: 
Monitoring and actisense-serial IS NOT running
Result of running: 
Monitoring and actisense-serial IS NOT running
Attempt 4 baud rate 230400
FATAL 2021-05-09T02:31:19.516Z [actisense-serial] Cannot open NGT-1-A device /dev/ttyUSB0
Result of running: 
Monitoring and actisense-serial IS NOT running
Result of running: 
Monitoring and actisense-serial IS NOT running
Result of running: 
Monitoring and actisense-serial IS NOT running
Result of running: 
Monitoring and actisense-serial IS NOT running
Attempt 5
FATAL 2021-05-09T02:31:25.025Z [actisense-serial] Cannot open NGT-1-A device /dev/ttyUSB0
Result of running: 
Monitoring and actisense-serial IS NOT running
Result of running: 
Monitoring and actisense-serial IS NOT running
Result of running: 
Monitoring and actisense-serial IS NOT running
Attempt 5 baud rate 230400
FATAL 2021-05-09T02:31:30.426Z [actisense-serial] Cannot open NGT-1-A device /dev/ttyUSB0
Result of running: 
Monitoring and actisense-serial IS NOT running
Result of running: 
Monitoring and actisense-serial IS NOT running
Result of running: 
Monitoring and actisense-serial IS NOT running
Result of running: 
Monitoring and actisense-serial IS NOT running
Attempt 6
FATAL 2021-05-09T02:31:36.087Z [actisense-serial] Cannot open NGT-1-A device /dev/ttyUSB0
Result of running: 
Monitoring and actisense-serial IS NOT running
Result of running: 
Monitoring and actisense-serial IS NOT running
Result of running: 
Monitoring and actisense-serial IS NOT running
Attempt 6 baud rate 230400
FATAL 2021-05-09T02:31:41.473Z [actisense-serial] Cannot open NGT-1-A device /dev/ttyUSB0
Result of running: 
Monitoring and actisense-serial IS NOT running
Result of running: 
Monitoring and actisense-serial IS NOT running
Result of running: 
Monitoring and actisense-serial IS NOT running
Result of running: 
Monitoring and actisense-serial IS NOT running
Attempt 7
FATAL 2021-05-09T02:31:47.140Z [actisense-serial] Cannot open NGT-1-A device /dev/ttyUSB0
Result of running: 
Monitoring and actisense-serial IS NOT running
Result of running: 
Monitoring and actisense-serial IS NOT running
Result of running: 
Monitoring and actisense-serial IS NOT running
Attempt 7 baud rate 230400
FATAL 2021-05-09T02:31:52.541Z [actisense-serial] Cannot open NGT-1-A device /dev/ttyUSB0
Result of running: 
Monitoring and actisense-serial IS NOT running
Result of running: 
Monitoring and actisense-serial IS NOT running
Result of running: 
Monitoring and actisense-serial IS NOT running
Result of running: 
Monitoring and actisense-serial IS NOT running
Attempt 8
FATAL 2021-05-09T02:31:58.181Z [actisense-serial] Cannot open NGT-1-A device /dev/ttyUSB0
Result of running: 
Monitoring and actisense-serial IS NOT running
Result of running: 
Monitoring and actisense-serial IS NOT running
Result of running: 
Monitoring and actisense-serial IS NOT running
Attempt 8 baud rate 230400
FATAL 2021-05-09T02:32:03.578Z [actisense-serial] Cannot open NGT-1-A device /dev/ttyUSB0
Result of running: 
Monitoring and actisense-serial IS NOT running
Result of running: 
Monitoring and actisense-serial IS NOT running
Result of running: 
Monitoring and actisense-serial IS NOT running
Result of running: 
Monitoring and actisense-serial IS NOT running
Attempt 9
FATAL 2021-05-09T02:32:08.902Z [actisense-serial] Cannot open NGT-1-A device /dev/ttyUSB0
Result of running: 
Monitoring and actisense-serial IS NOT running
Result of running: 
Monitoring and actisense-serial IS NOT running
Result of running: 
Monitoring and actisense-serial IS NOT running
Attempt 9 baud rate 230400
FATAL 2021-05-09T02:32:14.406Z [actisense-serial] Cannot open NGT-1-A device /dev/ttyUSB0
Result of running: 
Monitoring and actisense-serial IS NOT running
Result of running: 
Monitoring and actisense-serial IS NOT running
Result of running: 
Monitoring and actisense-serial IS NOT running
Attempt 10
FATAL 2021-05-09T02:32:19.804Z [actisense-serial] Cannot open NGT-1-A device /dev/ttyUSB0
Result of running: 
Monitoring and actisense-serial IS NOT running
Result of running: 
Monitoring and actisense-serial IS NOT running
Result of running: 
Monitoring and actisense-serial IS NOT running
Result of running: 
Monitoring and actisense-serial IS NOT running
Attempt 10 baud rate 230400
FATAL 2021-05-09T02:32:25.549Z [actisense-serial] Cannot open NGT-1-A device /dev/ttyUSB0
Result of running: 
Monitoring and actisense-serial IS NOT running
Result of running: 
Monitoring and actisense-serial IS NOT running
Result of running: 
Monitoring and actisense-serial IS NOT running
Attempt 11
FATAL 2021-05-09T02:32:30.936Z [actisense-serial] Cannot open NGT-1-A device /dev/ttyUSB0
Result of running: 
Monitoring and actisense-serial IS NOT running
Result of running: 
Monitoring and actisense-serial IS NOT running
Result of running: 
Monitoring and actisense-serial IS NOT running
Result of running: 
Monitoring and actisense-serial IS NOT running
Attempt 11 baud rate 230400
FATAL 2021-05-09T02:32:36.481Z [actisense-serial] Cannot open NGT-1-A device /dev/ttyUSB0
Result of running: 
Monitoring and actisense-serial IS NOT running
Result of running: 
Monitoring and actisense-serial IS NOT running
Result of running: 
Monitoring and actisense-serial IS NOT running
Attempt 12
FATAL 2021-05-09T02:32:41.834Z [actisense-serial] Cannot open NGT-1-A device /dev/ttyUSB0
Result of running: 
Monitoring and actisense-serial IS NOT running
Result of running: 
Monitoring and actisense-serial IS NOT running
Result of running: 
Monitoring and actisense-serial IS NOT running
Result of running: 
Monitoring and actisense-serial IS NOT running
Attempt 12 baud rate 230400
FATAL 2021-05-09T02:32:47.371Z [actisense-serial] Cannot open NGT-1-A device /dev/ttyUSB0
Result of running: 
Monitoring and actisense-serial IS NOT running
Result of running: 
Monitoring and actisense-serial IS NOT running
Result of running: 
Monitoring and actisense-serial IS NOT running
Attempt 13
FATAL 2021-05-09T02:32:52.756Z [actisense-serial] Cannot open NGT-1-A device /dev/ttyUSB0
Result of running: 
Monitoring and actisense-serial IS NOT running
Result of running: 
Monitoring and actisense-serial IS NOT running
Result of running: 
Monitoring and actisense-serial IS NOT running
Result of running: 
Monitoring and actisense-serial IS NOT running
Attempt 13 baud rate 230400
FATAL 2021-05-09T02:32:58.401Z [actisense-serial] Cannot open NGT-1-A device /dev/ttyUSB0
Result of running: 
Monitoring and actisense-serial IS NOT running
Result of running: 
Monitoring and actisense-serial IS NOT running
Result of running: 
Monitoring and actisense-serial IS NOT running
Attempt 14
FATAL 2021-05-09T02:33:03.798Z [actisense-serial] Cannot open NGT-1-A device /dev/ttyUSB0
Result of running: 
Monitoring and actisense-serial IS NOT running
Result of running: 
Monitoring and actisense-serial IS NOT running
Result of running: 
Monitoring and actisense-serial IS NOT running
Result of running: 
Monitoring and actisense-serial IS NOT running
Attempt 14 baud rate 230400
FATAL 2021-05-09T02:33:09.120Z [actisense-serial] Cannot open NGT-1-A device /dev/ttyUSB0
Result of running: 
Monitoring and actisense-serial IS NOT running
Result of running: 
Monitoring and actisense-serial IS NOT running
Result of running: 
Monitoring and actisense-serial IS NOT running
Attempt 15
FATAL 2021-05-09T02:33:14.889Z [actisense-serial] Cannot open NGT-1-A device /dev/ttyUSB0
Result of running: 
Monitoring and actisense-serial IS NOT running
Result of running: 
Monitoring and actisense-serial IS NOT running
Result of running: 
Monitoring and actisense-serial IS NOT running
Attempt 15 baud rate 230400
FATAL 2021-05-09T02:33:20.245Z [actisense-serial] Cannot open NGT-1-A device /dev/ttyUSB0
Result of running: 
Monitoring and actisense-serial IS NOT running
Result of running: 
Monitoring and actisense-serial IS NOT running
Result of running: 
Monitoring and actisense-serial IS NOT running
Result of running: 
Monitoring and actisense-serial IS NOT running
Attempt 16
FATAL 2021-05-09T02:33:26.004Z [actisense-serial] Cannot open NGT-1-A device /dev/ttyUSB0
Result of running: 
Monitoring and actisense-serial IS NOT running
Result of running: 
Monitoring and actisense-serial IS NOT running
Result of running: 
Monitoring and actisense-serial IS NOT running
Attempt 16 baud rate 230400
FATAL 2021-05-09T02:33:31.399Z [actisense-serial] Cannot open NGT-1-A device /dev/ttyUSB0
Result of running: 
Monitoring and actisense-serial IS NOT running
Result of running: 
Monitoring and actisense-serial IS NOT running
Result of running: 
Monitoring and actisense-serial IS NOT running
Result of running: 
Monitoring and actisense-serial IS NOT running
Attempt 17
FATAL 2021-05-09T02:33:37.086Z [actisense-serial] Cannot open NGT-1-A device /dev/ttyUSB0
Result of running: 
Monitoring and actisense-serial IS NOT running
Result of running: 
Monitoring and actisense-serial IS NOT running
Result of running: 
Monitoring and actisense-serial IS NOT running
Attempt 17 baud rate 230400
FATAL 2021-05-09T02:33:42.479Z [actisense-serial] Cannot open NGT-1-A device /dev/ttyUSB0
Result of running: 
Monitoring and actisense-serial IS NOT running
Result of running: 
Monitoring and actisense-serial IS NOT running
Result of running: 
Monitoring and actisense-serial IS NOT running
Result of running: 
Monitoring and actisense-serial IS NOT running
Attempt 18
FATAL 2021-05-09T02:33:47.798Z [actisense-serial] Cannot open NGT-1-A device /dev/ttyUSB0
Result of running: 
Monitoring and actisense-serial IS NOT running
Result of running: 
Monitoring and actisense-serial IS NOT running
Result of running: 
Monitoring and actisense-serial IS NOT running
Attempt 18 baud rate 230400
FATAL 2021-05-09T02:33:53.419Z [actisense-serial] Cannot open NGT-1-A device /dev/ttyUSB0
Result of running: 
Monitoring and actisense-serial IS NOT running
Result of running: 
Monitoring and actisense-serial IS NOT running
Result of running: 
Monitoring and actisense-serial IS NOT running
Attempt 19
FATAL 2021-05-09T02:33:58.822Z [actisense-serial] Cannot open NGT-1-A device /dev/ttyUSB0
Result of running: 
Monitoring and actisense-serial IS NOT running
Result of running: 
Monitoring and actisense-serial IS NOT running
Result of running: 
Monitoring and actisense-serial IS NOT running
Result of running: 
Monitoring and actisense-serial IS NOT running
Attempt 19 baud rate 230400
FATAL 2021-05-09T02:34:04.149Z [actisense-serial] Cannot open NGT-1-A device /dev/ttyUSB0
Result of running: 
Monitoring and actisense-serial IS NOT running
Result of running: 
Monitoring and actisense-serial IS NOT running
Result of running: 
Monitoring and actisense-serial IS NOT running
Attempt 20
FATAL 2021-05-09T02:34:09.747Z [actisense-serial] Cannot open NGT-1-A device /dev/ttyUSB0
Result of running: 
Monitoring and actisense-serial IS NOT running
Result of running: 
Monitoring and actisense-serial IS NOT running
Result of running: 
Monitoring and actisense-serial IS NOT running
Attempt 20 baud rate 230400
FATAL 2021-05-09T02:34:15.129Z [actisense-serial] Cannot open NGT-1-A device /dev/ttyUSB0
Result of running: 
Monitoring and actisense-serial IS NOT running
Result of running: 
Monitoring and actisense-serial IS NOT running
Result of running: 
Monitoring and actisense-serial IS NOT running
Result of running: 
Monitoring and actisense-serial IS NOT running
Attempt 21
FATAL 2021-05-09T02:34:20.770Z [actisense-serial] Cannot open NGT-1-A device /dev/ttyUSB0
Result of running: 
Monitoring and actisense-serial IS NOT running
Result of running: 
Monitoring and actisense-serial IS NOT running
Result of running: 
Monitoring and actisense-serial IS NOT running
Attempt 21 baud rate 230400
FATAL 2021-05-09T02:34:26.166Z [actisense-serial] Cannot open NGT-1-A device /dev/ttyUSB0
Result of running: 
Monitoring and actisense-serial IS NOT running
Result of running: 
Monitoring and actisense-serial IS NOT running
Result of running: 
Monitoring and actisense-serial IS NOT running
Result of running: 
Monitoring and actisense-serial IS NOT running
Attempt 22
FATAL 2021-05-09T02:34:32.109Z [actisense-serial] Cannot open NGT-1-A device /dev/ttyUSB0
Result of running: 
Monitoring and actisense-serial IS NOT running
Result of running: 
Monitoring and actisense-serial IS NOT running
Result of running: 
Monitoring and actisense-serial IS NOT running
Attempt 22 baud rate 230400
FATAL 2021-05-09T02:34:37.503Z [actisense-serial] Cannot open NGT-1-A device /dev/ttyUSB0
Result of running: 
Monitoring and actisense-serial IS NOT running
Result of running: 
Monitoring and actisense-serial IS NOT running
Result of running: 
Monitoring and actisense-serial IS NOT running
Result of running: 
Monitoring and actisense-serial IS NOT running
Attempt 23
FATAL 2021-05-09T02:34:43.263Z [actisense-serial] Cannot open NGT-1-A device /dev/ttyUSB0
Result of running: 
Monitoring and actisense-serial IS NOT running
Result of running: 
Monitoring and actisense-serial IS NOT running
Result of running: 
Monitoring and actisense-serial IS NOT running
Attempt 23 baud rate 230400
FATAL 2021-05-09T02:34:48.663Z [actisense-serial] Cannot open NGT-1-A device /dev/ttyUSB0
Result of running: 
Monitoring and actisense-serial IS NOT running
Result of running: 
Monitoring and actisense-serial IS NOT running
Result of running: 
Monitoring and actisense-serial IS NOT running
Result of running: 
Monitoring and actisense-serial IS NOT running
Attempt 24
FATAL 2021-05-09T02:34:54.182Z [actisense-serial] Cannot open NGT-1-A device /dev/ttyUSB0
Result of running: 
Monitoring and actisense-serial IS NOT running
Result of running: 
Monitoring and actisense-serial IS NOT running
Result of running: 
Monitoring and actisense-serial IS NOT running
Attempt 24 baud rate 230400
FATAL 2021-05-09T02:34:59.535Z [actisense-serial] Cannot open NGT-1-A device /dev/ttyUSB0
Result of running: 
Monitoring and actisense-serial IS NOT running
Result of running: 
Monitoring and actisense-serial IS NOT running
Result of running: 
Monitoring and actisense-serial IS NOT running
Result of running: 
Monitoring and actisense-serial IS NOT running
Attempt 25
FATAL 2021-05-09T02:35:04.855Z [actisense-serial] Cannot open NGT-1-A device /dev/ttyUSB0
Result of running: 
Monitoring and actisense-serial IS NOT running
Result of running: 
Monitoring and actisense-serial IS NOT running
Result of running: 
Monitoring and actisense-serial IS NOT running
Attempt 25 baud rate 230400
FATAL 2021-05-09T02:35:10.451Z [actisense-serial] Cannot open NGT-1-A device /dev/ttyUSB0
Result of running: 
Monitoring and actisense-serial IS NOT running
Result of running: 
Monitoring and actisense-serial IS NOT running
Result of running: 
Monitoring and actisense-serial IS NOT running
Attempt 26
FATAL 2021-05-09T02:35:15.837Z [actisense-serial] Cannot open NGT-1-A device /dev/ttyUSB0
Result of running: 
Monitoring and actisense-serial IS NOT running
Result of running: 
Monitoring and actisense-serial IS NOT running
Result of running: 
Monitoring and actisense-serial IS NOT running
Result of running: 
Monitoring and actisense-serial IS NOT running
Attempt 26 baud rate 230400
FATAL 2021-05-09T02:35:21.719Z [actisense-serial] Cannot open NGT-1-A device /dev/ttyUSB0
Result of running: 
Monitoring and actisense-serial IS NOT running
Result of running: 
Monitoring and actisense-serial IS NOT running
Result of running: 
Monitoring and actisense-serial IS NOT running
Attempt 27
FATAL 2021-05-09T02:35:27.115Z [actisense-serial] Cannot open NGT-1-A device /dev/ttyUSB0
Result of running: 
Monitoring and actisense-serial IS NOT running
Result of running: 
Monitoring and actisense-serial IS NOT running
Result of running: 
Monitoring and actisense-serial IS NOT running
Result of running: 
Monitoring and actisense-serial IS NOT running
Attempt 27 baud rate 230400
FATAL 2021-05-09T02:35:33.116Z [actisense-serial] Cannot open NGT-1-A device /dev/ttyUSB0
Result of running: 
Monitoring and actisense-serial IS NOT running
Result of running: 
Monitoring and actisense-serial IS NOT running
Result of running: 
Monitoring and actisense-serial IS NOT running
Attempt 28
FATAL 2021-05-09T02:35:38.515Z [actisense-serial] Cannot open NGT-1-A device /dev/ttyUSB0
Result of running: 
Monitoring and actisense-serial IS NOT running
Result of running: 
Monitoring and actisense-serial IS NOT running
Result of running: 
Monitoring and actisense-serial IS NOT running
Result of running: 
Monitoring and actisense-serial IS NOT running
Attempt 28 baud rate 230400
FATAL 2021-05-09T02:35:44.223Z [actisense-serial] Cannot open NGT-1-A device /dev/ttyUSB0
Result of running: 
Monitoring and actisense-serial IS NOT running
Result of running: 
Monitoring and actisense-serial IS NOT running
Result of running: 
Monitoring and actisense-serial IS NOT running
Attempt 29
FATAL 2021-05-09T02:35:49.590Z [actisense-serial] Cannot open NGT-1-A device /dev/ttyUSB0
Result of running: 
Monitoring and actisense-serial IS NOT running
Result of running: 
Monitoring and actisense-serial IS NOT running
Result of running: 
Monitoring and actisense-serial IS NOT running
Result of running: 
Monitoring and actisense-serial IS NOT running
Attempt 29 baud rate 230400
FATAL 2021-05-09T02:35:55.099Z [actisense-serial] Cannot open NGT-1-A device /dev/ttyUSB0
Result of running: 
Monitoring and actisense-serial IS NOT running
Result of running: 
Monitoring and actisense-serial IS NOT running
Result of running: 
Monitoring and actisense-serial IS NOT running
Attempt 30
FATAL 2021-05-09T02:36:00.496Z [actisense-serial] Cannot open NGT-1-A device /dev/ttyUSB0
Result of running: 
Monitoring and actisense-serial IS NOT running
Result of running: 
Monitoring and actisense-serial IS NOT running
Result of running: 
Monitoring and actisense-serial IS NOT running
Result of running: 
Monitoring and actisense-serial IS NOT running
Attempt 30 baud rate 230400
FATAL 2021-05-09T02:36:05.815Z [actisense-serial] Cannot open NGT-1-A device /dev/ttyUSB0
Result of running: 
Monitoring and actisense-serial IS NOT running
Result of running: 
Monitoring and actisense-serial IS NOT running
Result of running: 
Monitoring and actisense-serial IS NOT running
Attempt 31
FATAL 2021-05-09T02:36:11.266Z [actisense-serial] Cannot open NGT-1-A device /dev/ttyUSB0
Result of running: 
Monitoring and actisense-serial IS NOT running
Result of running: 
Monitoring and actisense-serial IS NOT running
Result of running: 
Monitoring and actisense-serial IS NOT running
Attempt 31 baud rate 230400
FATAL 2021-05-09T02:36:16.666Z [actisense-serial] Cannot open NGT-1-A device /dev/ttyUSB0
Result of running: 
Monitoring and actisense-serial IS NOT running
Result of running: 
Monitoring and actisense-serial IS NOT running
Result of running: 
Monitoring and actisense-serial IS NOT running
Result of running: 
Monitoring and actisense-serial IS NOT running
Attempt 32
FATAL 2021-05-09T02:36:22.029Z [actisense-serial] Cannot open NGT-1-A device /dev/ttyUSB0
Result of running: 
Monitoring and actisense-serial IS NOT running
Result of running: 
Monitoring and actisense-serial IS NOT running
Result of running: 
Monitoring and actisense-serial IS NOT running
Attempt 32 baud rate 230400
FATAL 2021-05-09T02:36:27.494Z [actisense-serial] Cannot open NGT-1-A device /dev/ttyUSB0
Result of running: 
Monitoring and actisense-serial IS NOT running
Result of running: 
Monitoring and actisense-serial IS NOT running
Result of running: 
Monitoring and actisense-serial IS NOT running
Attempt 33
FATAL 2021-05-09T02:36:32.890Z [actisense-serial] Cannot open NGT-1-A device /dev/ttyUSB0
Result of running: 
Monitoring and actisense-serial IS NOT running
Result of running: 
Monitoring and actisense-serial IS NOT running
Result of running: 
Monitoring and actisense-serial IS NOT running
Result of running: 
Monitoring and actisense-serial IS NOT running
Attempt 33 baud rate 230400
FATAL 2021-05-09T02:36:38.558Z [actisense-serial] Cannot open NGT-1-A device /dev/ttyUSB0
Result of running: 
Monitoring and actisense-serial IS NOT running
Result of running: 
Monitoring and actisense-serial IS NOT running
Result of running: 
Monitoring and actisense-serial IS NOT running
Attempt 34
FATAL 2021-05-09T02:36:43.922Z [actisense-serial] Cannot open NGT-1-A device /dev/ttyUSB0
Result of running: 
Monitoring and actisense-serial IS NOT running
Result of running: 
Monitoring and actisense-serial IS NOT running
Result of running: 
Monitoring and actisense-serial IS NOT running
Result of running: 
Monitoring and actisense-serial IS NOT running
Attempt 34 baud rate 230400
FATAL 2021-05-09T02:36:49.600Z [actisense-serial] Cannot open NGT-1-A device /dev/ttyUSB0
Result of running: 
Monitoring and actisense-serial IS NOT running
Result of running: 
Monitoring and actisense-serial IS NOT running
Result of running: 
Monitoring and actisense-serial IS NOT running
Attempt 35
FATAL 2021-05-09T02:36:54.954Z [actisense-serial] Cannot open NGT-1-A device /dev/ttyUSB0
Result of running: 
Monitoring and actisense-serial IS NOT running
Result of running: 
Monitoring and actisense-serial IS NOT running
Result of running: 
Monitoring and actisense-serial IS NOT running
Result of running: 
Monitoring and actisense-serial IS NOT running
Attempt 35 baud rate 230400
FATAL 2021-05-09T02:37:00.616Z [actisense-serial] Cannot open NGT-1-A device /dev/ttyUSB0
Result of running: 
Monitoring and actisense-serial IS NOT running
Result of running: 
Monitoring and actisense-serial IS NOT running
Result of running: 
Monitoring and actisense-serial IS NOT running
Attempt 36
FATAL 2021-05-09T02:37:06.012Z [actisense-serial] Cannot open NGT-1-A device /dev/ttyUSB0
Result of running: 
Monitoring and actisense-serial IS NOT running
Result of running: 
Monitoring and actisense-serial IS NOT running
Result of running: 
Monitoring and actisense-serial IS NOT running
Result of running: 
Monitoring and actisense-serial IS NOT running
Attempt 36 baud rate 230400
FATAL 2021-05-09T02:37:11.650Z [actisense-serial] Cannot open NGT-1-A device /dev/ttyUSB0
Result of running: 
Monitoring and actisense-serial IS NOT running
Result of running: 
Monitoring and actisense-serial IS NOT running
Result of running: 
Monitoring and actisense-serial IS NOT running
Attempt 37
FATAL 2021-05-09T02:37:17.035Z [actisense-serial] Cannot open NGT-1-A device /dev/ttyUSB0
Result of running: 
Monitoring and actisense-serial IS NOT running
Result of running: 
Monitoring and actisense-serial IS NOT running
Result of running: 
Monitoring and actisense-serial IS NOT running
Result of running: 
Monitoring and actisense-serial IS NOT running
Attempt 37 baud rate 230400
FATAL 2021-05-09T02:37:22.430Z [actisense-serial] Cannot open NGT-1-A device /dev/ttyUSB0
Result of running: 
Monitoring and actisense-serial IS NOT running
Result of running: 
Monitoring and actisense-serial IS NOT running
Result of running: 
Monitoring and actisense-serial IS NOT running
Attempt 38
FATAL 2021-05-09T02:37:27.806Z [actisense-serial] Cannot open NGT-1-A device /dev/ttyUSB0
Result of running: 
Monitoring and actisense-serial IS NOT running
Result of running: 
Monitoring and actisense-serial IS NOT running
Result of running: 
Monitoring and actisense-serial IS NOT running
Attempt 38 baud rate 230400
FATAL 2021-05-09T02:37:33.712Z [actisense-serial] Cannot open NGT-1-A device /dev/ttyUSB0
Result of running: 
Monitoring and actisense-serial IS NOT running
Result of running: 
Monitoring and actisense-serial IS NOT running
Result of running: 
Monitoring and actisense-serial IS NOT running
Result of running: 
Monitoring and actisense-serial IS NOT running
Attempt 39
FATAL 2021-05-09T02:37:39.118Z [actisense-serial] Cannot open NGT-1-A device /dev/ttyUSB0
Result of running: 
Monitoring and actisense-serial IS NOT running
Result of running: 
Monitoring and actisense-serial IS NOT running
Result of running: 
Monitoring and actisense-serial IS NOT running
Attempt 39 baud rate 230400
FATAL 2021-05-09T02:37:44.753Z [actisense-serial] Cannot open NGT-1-A device /dev/ttyUSB0
Result of running: 
Monitoring and actisense-serial IS NOT running
Result of running: 
Monitoring and actisense-serial IS NOT running
Result of running: 
Monitoring and actisense-serial IS NOT running
Result of running: 
Monitoring and actisense-serial IS NOT running
Attempt 40
FATAL 2021-05-09T02:37:50.132Z [actisense-serial] Cannot open NGT-1-A device /dev/ttyUSB0
Result of running: 
Monitoring and actisense-serial IS NOT running
Result of running: 
Monitoring and actisense-serial IS NOT running
Result of running: 
Monitoring and actisense-serial IS NOT running
Attempt 40 baud rate 230400
FATAL 2021-05-09T02:37:55.711Z [actisense-serial] Cannot open NGT-1-A device /dev/ttyUSB0
Result of running: 
Monitoring and actisense-serial IS NOT running
Result of running: 
Monitoring and actisense-serial IS NOT running
Result of running: 
Monitoring and actisense-serial IS NOT running
Attempt 41
FATAL 2021-05-09T02:38:01.065Z [actisense-serial] Cannot open NGT-1-A device /dev/ttyUSB0
Result of running: 
Monitoring and actisense-serial IS NOT running
Result of running: 
Monitoring and actisense-serial IS NOT running
Result of running: 
Monitoring and actisense-serial IS NOT running
Result of running: 
Monitoring and actisense-serial IS NOT running
Attempt 41 baud rate 230400
FATAL 2021-05-09T02:38:06.825Z [actisense-serial] Cannot open NGT-1-A device /dev/ttyUSB0
Result of running: 
Monitoring and actisense-serial IS NOT running
Result of running: 
Monitoring and actisense-serial IS NOT running
Result of running: 
Monitoring and actisense-serial IS NOT running
Attempt 42
FATAL 2021-05-09T02:38:12.216Z [actisense-serial] Cannot open NGT-1-A device /dev/ttyUSB0
Result of running: 
Monitoring and actisense-serial IS NOT running
Result of running: 
Monitoring and actisense-serial IS NOT running
Result of running: 
Monitoring and actisense-serial IS NOT running
Result of running: 
Monitoring and actisense-serial IS NOT running
Attempt 42 baud rate 230400
FATAL 2021-05-09T02:38:17.955Z [actisense-serial] Cannot open NGT-1-A device /dev/ttyUSB0
Result of running: 
Monitoring and actisense-serial IS NOT running
Result of running: 
Monitoring and actisense-serial IS NOT running
Result of running: 
Monitoring and actisense-serial IS NOT running
Attempt 43
FATAL 2021-05-09T02:38:23.358Z [actisense-serial] Cannot open NGT-1-A device /dev/ttyUSB0
Result of running: 
Monitoring and actisense-serial IS NOT running
Result of running: 
Monitoring and actisense-serial IS NOT running
Result of running: 
Monitoring and actisense-serial IS NOT running
Result of running: 
Monitoring and actisense-serial IS NOT running
Attempt 43 baud rate 230400
FATAL 2021-05-09T02:38:29.009Z [actisense-serial] Cannot open NGT-1-A device /dev/ttyUSB0
Result of running: 
Monitoring and actisense-serial IS NOT running
Result of running: 
Monitoring and actisense-serial IS NOT running
Result of running: 
Monitoring and actisense-serial IS NOT running
Attempt 44
FATAL 2021-05-09T02:38:34.411Z [actisense-serial] Cannot open NGT-1-A device /dev/ttyUSB0
Result of running: 
Monitoring and actisense-serial IS NOT running
Result of running: 
Monitoring and actisense-serial IS NOT running
Result of running: 
Monitoring and actisense-serial IS NOT running
Result of running: 
Monitoring and actisense-serial IS NOT running
Attempt 44 baud rate 230400
FATAL 2021-05-09T02:38:40.056Z [actisense-serial] Cannot open NGT-1-A device /dev/ttyUSB0
Result of running: 
Monitoring and actisense-serial IS NOT running
Result of running: 
Monitoring and actisense-serial IS NOT running
Result of running: 
Monitoring and actisense-serial IS NOT running
Attempt 45
FATAL 2021-05-09T02:38:45.460Z [actisense-serial] Cannot open NGT-1-A device /dev/ttyUSB0
Result of running: 
Monitoring and actisense-serial IS NOT running
Result of running: 
Monitoring and actisense-serial IS NOT running
Result of running: 
Monitoring and actisense-serial IS NOT running
Result of running: 
Monitoring and actisense-serial IS NOT running
Attempt 45 baud rate 230400
FATAL 2021-05-09T02:38:50.956Z [actisense-serial] Cannot open NGT-1-A device /dev/ttyUSB0
Result of running: 
Monitoring and actisense-serial IS NOT running
Result of running: 
Monitoring and actisense-serial IS NOT running
Result of running: 
Monitoring and actisense-serial IS NOT running
Attempt 46
FATAL 2021-05-09T02:38:56.316Z [actisense-serial] Cannot open NGT-1-A device /dev/ttyUSB0
Result of running: 
Monitoring and actisense-serial IS NOT running
Result of running: 
Monitoring and actisense-serial IS NOT running
Result of running: 
Monitoring and actisense-serial IS NOT running
Result of running: 
Monitoring and actisense-serial IS NOT running
Attempt 46 baud rate 230400
FATAL 2021-05-09T02:39:02.118Z [actisense-serial] Cannot open NGT-1-A device /dev/ttyUSB0
Result of running: 
Monitoring and actisense-serial IS NOT running
Result of running: 
Monitoring and actisense-serial IS NOT running
Result of running: 
Monitoring and actisense-serial IS NOT running
Result of running: 
Monitoring and actisense-serial IS NOT running
Attempt 47
FATAL 2021-05-09T02:39:07.525Z [actisense-serial] Cannot open NGT-1-A device /dev/ttyUSB0
Result of running: 
Monitoring and actisense-serial IS NOT running
Result of running: 
Monitoring and actisense-serial IS NOT running
Result of running: 
Monitoring and actisense-serial IS NOT running
Attempt 47 baud rate 230400
FATAL 2021-05-09T02:39:13.014Z [actisense-serial] Cannot open NGT-1-A device /dev/ttyUSB0
Result of running: 
Monitoring and actisense-serial IS NOT running
Result of running: 
Monitoring and actisense-serial IS NOT running
Result of running: 
Monitoring and actisense-serial IS NOT running
Attempt 48
FATAL 2021-05-09T02:39:18.414Z [actisense-serial] Cannot open NGT-1-A device /dev/ttyUSB0
Result of running: 
Monitoring and actisense-serial IS NOT running
Result of running: 
Monitoring and actisense-serial IS NOT running
Result of running: 
Monitoring and actisense-serial IS NOT running
Result of running: 
Monitoring and actisense-serial IS NOT running
Attempt 48 baud rate 230400
FATAL 2021-05-09T02:39:24.099Z [actisense-serial] Cannot open NGT-1-A device /dev/ttyUSB0
Result of running: 
Monitoring and actisense-serial IS NOT running
Result of running: 
Monitoring and actisense-serial IS NOT running
Result of running: 
Monitoring and actisense-serial IS NOT running
Attempt 49
FATAL 2021-05-09T02:39:29.496Z [actisense-serial] Cannot open NGT-1-A device /dev/ttyUSB0
Result of running: 
Monitoring and actisense-serial IS NOT running
Result of running: 
Monitoring and actisense-serial IS NOT running
Result of running: 
Monitoring and actisense-serial IS NOT running
Result of running: 
Monitoring and actisense-serial IS NOT running
Attempt 49 baud rate 230400
FATAL 2021-05-09T02:39:34.819Z [actisense-serial] Cannot open NGT-1-A device /dev/ttyUSB0
Result of running: 
Monitoring and actisense-serial IS NOT running
Result of running: 
Monitoring and actisense-serial IS NOT running
Result of running: 
Monitoring and actisense-serial IS NOT running
Attempt 50
FATAL 2021-05-09T02:39:40.403Z [actisense-serial] Cannot open NGT-1-A device /dev/ttyUSB0
Result of running: 
Monitoring and actisense-serial IS NOT running
Result of running: 
Monitoring and actisense-serial IS NOT running
Result of running: 
Monitoring and actisense-serial IS NOT running
Attempt 50 baud rate 230400
FATAL 2021-05-09T02:39:45.784Z [actisense-serial] Cannot open NGT-1-A device /dev/ttyUSB0
Result of running: 
Monitoring and actisense-serial IS NOT running
Result of running: 
Monitoring and actisense-serial IS NOT running
Result of running: 
Monitoring and actisense-serial IS NOT running
Result of running: 
Monitoring and actisense-serial IS NOT running
Attempt 51
FATAL 2021-05-09T02:39:51.428Z [actisense-serial] Cannot open NGT-1-A device /dev/ttyUSB0
Result of running: 
Monitoring and actisense-serial IS NOT running
Result of running: 
Monitoring and actisense-serial IS NOT running
Result of running: 
Monitoring and actisense-serial IS NOT running
Attempt 51 baud rate 230400
FATAL 2021-05-09T02:39:56.824Z [actisense-serial] Cannot open NGT-1-A device /dev/ttyUSB0
Result of running: 
Monitoring and actisense-serial IS NOT running
Result of running: 
Monitoring and actisense-serial IS NOT running
Result of running: 
Monitoring and actisense-serial IS NOT running
Result of running: 
Monitoring and actisense-serial IS NOT running
Attempt 52
FATAL 2021-05-09T02:40:02.604Z [actisense-serial] Cannot open NGT-1-A device /dev/ttyUSB0
Result of running: 
Monitoring and actisense-serial IS NOT running
Result of running: 
Monitoring and actisense-serial IS NOT running
Result of running: 
Monitoring and actisense-serial IS NOT running
Attempt 52 baud rate 230400
FATAL 2021-05-09T02:40:07.995Z [actisense-serial] Cannot open NGT-1-A device /dev/ttyUSB0
Result of running: 
Monitoring and actisense-serial IS NOT running
Result of running: 
Monitoring and actisense-serial IS NOT running
Result of running: 
Monitoring and actisense-serial IS NOT running
Result of running: 
Monitoring and actisense-serial IS NOT running
Attempt 53
FATAL 2021-05-09T02:40:13.672Z [actisense-serial] Cannot open NGT-1-A device /dev/ttyUSB0
Result of running: 
Monitoring and actisense-serial IS NOT running
Result of running: 
Monitoring and actisense-serial IS NOT running
Result of running: 
Monitoring and actisense-serial IS NOT running
Attempt 53 baud rate 230400
FATAL 2021-05-09T02:40:19.070Z [actisense-serial] Cannot open NGT-1-A device /dev/ttyUSB0
Result of running: 
Monitoring and actisense-serial IS NOT running
Result of running: 
Monitoring and actisense-serial IS NOT running
Result of running: 
Monitoring and actisense-serial IS NOT running
Result of running: 
Monitoring and actisense-serial IS NOT running
Attempt 54
FATAL 2021-05-09T02:40:24.728Z [actisense-serial] Cannot open NGT-1-A device /dev/ttyUSB0
Result of running: 
Monitoring and actisense-serial IS NOT running
Result of running: 
Monitoring and actisense-serial IS NOT running
Result of running: 
Monitoring and actisense-serial IS NOT running
Attempt 54 baud rate 230400
FATAL 2021-05-09T02:40:30.131Z [actisense-serial] Cannot open NGT-1-A device /dev/ttyUSB0
Result of running: 
Monitoring and actisense-serial IS NOT running
Result of running: 
Monitoring and actisense-serial IS NOT running
Result of running: 
Monitoring and actisense-serial IS NOT running
Result of running: 
Monitoring and actisense-serial IS NOT running
Attempt 55
FATAL 2021-05-09T02:40:35.640Z [actisense-serial] Cannot open NGT-1-A device /dev/ttyUSB0
Result of running: 
Monitoring and actisense-serial IS NOT running
Result of running: 
Monitoring and actisense-serial IS NOT running
Result of running: 
Monitoring and actisense-serial IS NOT running
Attempt 55 baud rate 230400
FATAL 2021-05-09T02:40:41.023Z [actisense-serial] Cannot open NGT-1-A device /dev/ttyUSB0
Result of running: 
Monitoring and actisense-serial IS NOT running
Result of running: 
Monitoring and actisense-serial IS NOT running
Result of running: 
Monitoring and actisense-serial IS NOT running
Result of running: 
Monitoring and actisense-serial IS NOT running
Attempt 56
FATAL 2021-05-09T02:40:46.810Z [actisense-serial] Cannot open NGT-1-A device /dev/ttyUSB0
Result of running: 
Monitoring and actisense-serial IS NOT running
Result of running: 
Monitoring and actisense-serial IS NOT running
Result of running: 
Monitoring and actisense-serial IS NOT running
Attempt 56 baud rate 230400
FATAL 2021-05-09T02:40:52.192Z [actisense-serial] Cannot open NGT-1-A device /dev/ttyUSB0
Result of running: 
Monitoring and actisense-serial IS NOT running
Result of running: 
Monitoring and actisense-serial IS NOT running
Result of running: 
Monitoring and actisense-serial IS NOT running
Result of running: 
Monitoring and actisense-serial IS NOT running
Attempt 57
FATAL 2021-05-09T02:40:57.737Z [actisense-serial] Cannot open NGT-1-A device /dev/ttyUSB0
Result of running: 
Monitoring and actisense-serial IS NOT running
Result of running: 
Monitoring and actisense-serial IS NOT running
Result of running: 
Monitoring and actisense-serial IS NOT running
Attempt 57 baud rate 230400
FATAL 2021-05-09T02:41:03.120Z [actisense-serial] Cannot open NGT-1-A device /dev/ttyUSB0
Result of running: 
Monitoring and actisense-serial IS NOT running
Result of running: 
Monitoring and actisense-serial IS NOT running
Result of running: 
Monitoring and actisense-serial IS NOT running
Result of running: 
Monitoring and actisense-serial IS NOT running
Attempt 58
FATAL 2021-05-09T02:41:08.744Z [actisense-serial] Cannot open NGT-1-A device /dev/ttyUSB0
Result of running: 
Monitoring and actisense-serial IS NOT running
Result of running: 
Monitoring and actisense-serial IS NOT running
Result of running: 
Monitoring and actisense-serial IS NOT running
Attempt 58 baud rate 230400
FATAL 2021-05-09T02:41:14.125Z [actisense-serial] Cannot open NGT-1-A device /dev/ttyUSB0
Result of running: 
Monitoring and actisense-serial IS NOT running
Result of running: 
Monitoring and actisense-serial IS NOT running
Result of running: 
Monitoring and actisense-serial IS NOT running
Result of running: 
Monitoring and actisense-serial IS NOT running
Attempt 59
FATAL 2021-05-09T02:41:19.601Z [actisense-serial] Cannot open NGT-1-A device /dev/ttyUSB0
Result of running: 
Monitoring and actisense-serial IS NOT running
Result of running: 
Monitoring and actisense-serial IS NOT running
Result of running: 
Monitoring and actisense-serial IS NOT running
Attempt 59 baud rate 230400
FATAL 2021-05-09T02:41:24.970Z [actisense-serial] Cannot open NGT-1-A device /dev/ttyUSB0
Result of running: 
Monitoring and actisense-serial IS NOT running
Result of running: 
Monitoring and actisense-serial IS NOT running
Result of running: 
Monitoring and actisense-serial IS NOT running
Result of running: 
Monitoring and actisense-serial IS NOT running
Attempt 60
FATAL 2021-05-09T02:41:30.675Z [actisense-serial] Cannot open NGT-1-A device /dev/ttyUSB0
Result of running: 
Monitoring and actisense-serial IS NOT running
Result of running: 
Monitoring and actisense-serial IS NOT running
Result of running: 
Monitoring and actisense-serial IS NOT running
Attempt 60 baud rate 230400
FATAL 2021-05-09T02:41:36.019Z [actisense-serial] Cannot open NGT-1-A device /dev/ttyUSB0
Result of running: 
Monitoring and actisense-serial IS NOT running
Result of running: 
Monitoring and actisense-serial IS NOT running
Result of running: 
Monitoring and actisense-serial IS NOT running
Result of running: 
Monitoring and actisense-serial IS NOT running
Attempt 61
FATAL 2021-05-09T02:41:41.512Z [actisense-serial] Cannot open NGT-1-A device /dev/ttyUSB0
Result of running: 
Monitoring and actisense-serial IS NOT running
Result of running: 
Monitoring and actisense-serial IS NOT running
Result of running: 
Monitoring and actisense-serial IS NOT running
Attempt 61 baud rate 230400
FATAL 2021-05-09T02:41:46.892Z [actisense-serial] Cannot open NGT-1-A device /dev/ttyUSB0
Result of running: 
Monitoring and actisense-serial IS NOT running
Result of running: 
Monitoring and actisense-serial IS NOT running
Result of running: 
Monitoring and actisense-serial IS NOT running
Result of running: 
Monitoring and actisense-serial IS NOT running
Attempt 62
FATAL 2021-05-09T02:41:52.478Z [actisense-serial] Cannot open NGT-1-A device /dev/ttyUSB0
Result of running: 
Monitoring and actisense-serial IS NOT running
Result of running: 
Monitoring and actisense-serial IS NOT running
Result of running: 
Monitoring and actisense-serial IS NOT running
Attempt 62 baud rate 230400
FATAL 2021-05-09T02:41:57.821Z [actisense-serial] Cannot open NGT-1-A device /dev/ttyUSB0
Result of running: 
Monitoring and actisense-serial IS NOT running
Result of running: 
Monitoring and actisense-serial IS NOT running
Result of running: 
Monitoring and actisense-serial IS NOT running
Result of running: 
Monitoring and actisense-serial IS NOT running
Attempt 63
FATAL 2021-05-09T02:42:03.536Z [actisense-serial] Cannot open NGT-1-A device /dev/ttyUSB0
Result of running: 
Monitoring and actisense-serial IS NOT running
Result of running: 
Monitoring and actisense-serial IS NOT running
Result of running: 
Monitoring and actisense-serial IS NOT running
Attempt 63 baud rate 230400
FATAL 2021-05-09T02:42:08.905Z [actisense-serial] Cannot open NGT-1-A device /dev/ttyUSB0
Result of running: 
Monitoring and actisense-serial IS NOT running
Result of running: 
Monitoring and actisense-serial IS NOT running
Result of running: 
Monitoring and actisense-serial IS NOT running
Result of running: 
Monitoring and actisense-serial IS NOT running
Attempt 64
FATAL 2021-05-09T02:42:14.211Z [actisense-serial] Cannot open NGT-1-A device /dev/ttyUSB0
Result of running: 
Monitoring and actisense-serial IS NOT running
Result of running: 
Monitoring and actisense-serial IS NOT running
Result of running: 
Monitoring and actisense-serial IS NOT running
Attempt 64 baud rate 230400
FATAL 2021-05-09T02:42:19.571Z [actisense-serial] Cannot open NGT-1-A device /dev/ttyUSB0
Result of running: 
Monitoring and actisense-serial IS NOT running
Result of running: 
Monitoring and actisense-serial IS NOT running
Result of running: 
Monitoring and actisense-serial IS NOT running
Attempt 65
FATAL 2021-05-09T02:42:24.945Z [actisense-serial] Cannot open NGT-1-A device /dev/ttyUSB0
Result of running: 
Monitoring and actisense-serial IS NOT running
Result of running: 
Monitoring and actisense-serial IS NOT running
Result of running: 
Monitoring and actisense-serial IS NOT running
Result of running: 
Monitoring and actisense-serial IS NOT running
Attempt 65 baud rate 230400
FATAL 2021-05-09T02:42:30.486Z [actisense-serial] Cannot open NGT-1-A device /dev/ttyUSB0
Result of running: 
Monitoring and actisense-serial IS NOT running
Result of running: 
Monitoring and actisense-serial IS NOT running
Result of running: 
Monitoring and actisense-serial IS NOT running
Attempt 66
FATAL 2021-05-09T02:42:35.833Z [actisense-serial] Cannot open NGT-1-A device /dev/ttyUSB0
Result of running: 
Monitoring and actisense-serial IS NOT running
Result of running: 
Monitoring and actisense-serial IS NOT running
Result of running: 
Monitoring and actisense-serial IS NOT running
Result of running: 
Monitoring and actisense-serial IS NOT running
Attempt 66 baud rate 230400
FATAL 2021-05-09T02:42:41.307Z [actisense-serial] Cannot open NGT-1-A device /dev/ttyUSB0
Result of running: 
Monitoring and actisense-serial IS NOT running
Result of running: 
Monitoring and actisense-serial IS NOT running
Result of running: 
Monitoring and actisense-serial IS NOT running
Attempt 67
FATAL 2021-05-09T02:42:46.685Z [actisense-serial] Cannot open NGT-1-A device /dev/ttyUSB0
Result of running: 
Monitoring and actisense-serial IS NOT running
Result of running: 
Monitoring and actisense-serial IS NOT running
Result of running: 
Monitoring and actisense-serial IS NOT running
Result of running: 
Monitoring and actisense-serial IS NOT running
Attempt 67 baud rate 230400
FATAL 2021-05-09T02:42:52.306Z [actisense-serial] Cannot open NGT-1-A device /dev/ttyUSB0
Result of running: 
Monitoring and actisense-serial IS NOT running
Result of running: 
Monitoring and actisense-serial IS NOT running
Result of running: 
Monitoring and actisense-serial IS NOT running
Attempt 68
FATAL 2021-05-09T02:42:57.682Z [actisense-serial] Cannot open NGT-1-A device /dev/ttyUSB0
Result of running: 
Monitoring and actisense-serial IS NOT running
Result of running: 
Monitoring and actisense-serial IS NOT running
Result of running: 
Monitoring and actisense-serial IS NOT running
Result of running: 
Monitoring and actisense-serial IS NOT running
Attempt 68 baud rate 230400
FATAL 2021-05-09T02:43:03.261Z [actisense-serial] Cannot open NGT-1-A device /dev/ttyUSB0
Result of running: 
Monitoring and actisense-serial IS NOT running
Result of running: 
Monitoring and actisense-serial IS NOT running
Result of running: 
Monitoring and actisense-serial IS NOT running
Result of running: 
Monitoring and actisense-serial IS NOT running
Attempt 69
FATAL 2021-05-09T02:43:08.645Z [actisense-serial] Cannot open NGT-1-A device /dev/ttyUSB0
Result of running: 
Monitoring and actisense-serial IS NOT running
Result of running: 
Monitoring and actisense-serial IS NOT running
Result of running: 
Monitoring and actisense-serial IS NOT running
Attempt 69 baud rate 230400
FATAL 2021-05-09T02:43:14.124Z [actisense-serial] Cannot open NGT-1-A device /dev/ttyUSB0
Result of running: 
Monitoring and actisense-serial IS NOT running
Result of running: 
Monitoring and actisense-serial IS NOT running
Result of running: 
Monitoring and actisense-serial IS NOT running
Result of running: 
Monitoring and actisense-serial IS NOT running
Attempt 70
FATAL 2021-05-09T02:43:19.515Z [actisense-serial] Cannot open NGT-1-A device /dev/ttyUSB0
Result of running: 
Monitoring and actisense-serial IS NOT running
Result of running: 
Monitoring and actisense-serial IS NOT running
Result of running: 
Monitoring and actisense-serial IS NOT running
Attempt 70 baud rate 230400
FATAL 2021-05-09T02:43:24.952Z [actisense-serial] Cannot open NGT-1-A device /dev/ttyUSB0
Result of running: 
Monitoring and actisense-serial IS NOT running
Result of running: 
Monitoring and actisense-serial IS NOT running
Result of running: 
Monitoring and actisense-serial IS NOT running
Attempt 71
FATAL 2021-05-09T02:43:30.318Z [actisense-serial] Cannot open NGT-1-A device /dev/ttyUSB0
Result of running: 
Monitoring and actisense-serial IS NOT running
Result of running: 
Monitoring and actisense-serial IS NOT running
Result of running: 
Monitoring and actisense-serial IS NOT running
Result of running: 
Monitoring and actisense-serial IS NOT running
Attempt 71 baud rate 230400
FATAL 2021-05-09T02:43:35.931Z [actisense-serial] Cannot open NGT-1-A device /dev/ttyUSB0
Result of running: 
Monitoring and actisense-serial IS NOT running
Result of running: 
Monitoring and actisense-serial IS NOT running
Result of running: 
Monitoring and actisense-serial IS NOT running
Attempt 72
Result of running: 
Monitoring and actisense-serial IS NOT running
FATAL 2021-05-09T02:43:41.312Z [actisense-serial] Cannot open NGT-1-A device /dev/ttyUSB0
Result of running: 
Monitoring and actisense-serial IS NOT running
Result of running: 
Monitoring and actisense-serial IS NOT running
Result of running: 
Monitoring and actisense-serial IS NOT running
Attempt 72 baud rate 230400
FATAL 2021-05-09T02:43:46.659Z [actisense-serial] Cannot open NGT-1-A device /dev/ttyUSB0
Result of running: 
Monitoring and actisense-serial IS NOT running
Result of running: 
Monitoring and actisense-serial IS NOT running
Result of running: 
Monitoring and actisense-serial IS NOT running
Attempt 73
FATAL 2021-05-09T02:43:52.034Z [actisense-serial] Cannot open NGT-1-A device /dev/ttyUSB0
Result of running: 
Monitoring and actisense-serial IS NOT running
Result of running: 
Monitoring and actisense-serial IS NOT running
Result of running: 
Monitoring and actisense-serial IS NOT running
Result of running: 
Monitoring and actisense-serial IS NOT running
Attempt 73 baud rate 230400
FATAL 2021-05-09T02:43:57.635Z [actisense-serial] Cannot open NGT-1-A device /dev/ttyUSB0
Result of running: 
Monitoring and actisense-serial IS NOT running
Result of running: 
Monitoring and actisense-serial IS NOT running
Result of running: 
Monitoring and actisense-serial IS NOT running
Attempt 74
FATAL 2021-05-09T02:44:03.011Z [actisense-serial] Cannot open NGT-1-A device /dev/ttyUSB0
Result of running: 
Monitoring and actisense-serial IS NOT running
Result of running: 
Monitoring and actisense-serial IS NOT running
Result of running: 
Monitoring and actisense-serial IS NOT running
Result of running: 
Monitoring and actisense-serial IS NOT running
Attempt 74 baud rate 230400
FATAL 2021-05-09T02:44:08.782Z [actisense-serial] Cannot open NGT-1-A device /dev/ttyUSB0
Result of running: 
Monitoring and actisense-serial IS NOT running
Result of running: 
Monitoring and actisense-serial IS NOT running
Result of running: 
Monitoring and actisense-serial IS NOT running
Attempt 75
FATAL 2021-05-09T02:44:14.145Z [actisense-serial] Cannot open NGT-1-A device /dev/ttyUSB0
Result of running: 
Monitoring and actisense-serial IS NOT running
Result of running: 
Monitoring and actisense-serial IS NOT running
Result of running: 
Monitoring and actisense-serial IS NOT running
Result of running: 
Monitoring and actisense-serial IS NOT running
Attempt 75 baud rate 230400
FATAL 2021-05-09T02:44:19.783Z [actisense-serial] Cannot open NGT-1-A device /dev/ttyUSB0
Result of running: 
Monitoring and actisense-serial IS NOT running
Result of running: 
Monitoring and actisense-serial IS NOT running
Result of running: 
Monitoring and actisense-serial IS NOT running
Attempt 76
FATAL 2021-05-09T02:44:25.165Z [actisense-serial] Cannot open NGT-1-A device /dev/ttyUSB0
Result of running: 
Monitoring and actisense-serial IS NOT running
Result of running: 
Monitoring and actisense-serial IS NOT running
Result of running: 
Monitoring and actisense-serial IS NOT running
Result of running: 
Monitoring and actisense-serial IS NOT running
Attempt 76 baud rate 230400
FATAL 2021-05-09T02:44:30.616Z [actisense-serial] Cannot open NGT-1-A device /dev/ttyUSB0
Result of running: 
Monitoring and actisense-serial IS NOT running
Result of running: 
Monitoring and actisense-serial IS NOT running
Result of running: 
Monitoring and actisense-serial IS NOT running
Attempt 77
FATAL 2021-05-09T02:44:35.985Z [actisense-serial] Cannot open NGT-1-A device /dev/ttyUSB0
Result of running: 
Monitoring and actisense-serial IS NOT running
Result of running: 
Monitoring and actisense-serial IS NOT running
Result of running: 
Monitoring and actisense-serial IS NOT running
Result of running: 
Monitoring and actisense-serial IS NOT running
Attempt 77 baud rate 230400
FATAL 2021-05-09T02:44:41.577Z [actisense-serial] Cannot open NGT-1-A device /dev/ttyUSB0
Result of running: 
Monitoring and actisense-serial IS NOT running
Result of running: 
Monitoring and actisense-serial IS NOT running
Result of running: 
Monitoring and actisense-serial IS NOT running
Attempt 78
FATAL 2021-05-09T02:44:46.961Z [actisense-serial] Cannot open NGT-1-A device /dev/ttyUSB0
Result of running: 
Monitoring and actisense-serial IS NOT running
Result of running: 
Monitoring and actisense-serial IS NOT running
Result of running: 
Monitoring and actisense-serial IS NOT running
Result of running: 
Monitoring and actisense-serial IS NOT running
Attempt 78 baud rate 230400
FATAL 2021-05-09T02:44:52.328Z [actisense-serial] Cannot open NGT-1-A device /dev/ttyUSB0
Result of running: 
Monitoring and actisense-serial IS NOT running
Result of running: 
Monitoring and actisense-serial IS NOT running
Result of running: 
Monitoring and actisense-serial IS NOT running
Attempt 79
FATAL 2021-05-09T02:44:57.707Z [actisense-serial] Cannot open NGT-1-A device /dev/ttyUSB0
Result of running: 
Monitoring and actisense-serial IS NOT running
Result of running: 
Monitoring and actisense-serial IS NOT running
Result of running: 
Monitoring and actisense-serial IS NOT running
Result of running: 
Monitoring and actisense-serial IS NOT running
Attempt 79 baud rate 230400
FATAL 2021-05-09T02:45:03.398Z [actisense-serial] Cannot open NGT-1-A device /dev/ttyUSB0
Result of running: 
Monitoring and actisense-serial IS NOT running
Result of running: 
Monitoring and actisense-serial IS NOT running
Result of running: 
Monitoring and actisense-serial IS NOT running
Attempt 80
FATAL 2021-05-09T02:45:08.773Z [actisense-serial] Cannot open NGT-1-A device /dev/ttyUSB0
Result of running: 
Monitoring and actisense-serial IS NOT running
Result of running: 
Monitoring and actisense-serial IS NOT running
Result of running: 
Monitoring and actisense-serial IS NOT running
Result of running: 
Monitoring and actisense-serial IS NOT running
Attempt 80 baud rate 230400
FATAL 2021-05-09T02:45:14.214Z [actisense-serial] Cannot open NGT-1-A device /dev/ttyUSB0
Result of running: 
Monitoring and actisense-serial IS NOT running
Result of running: 
Monitoring and actisense-serial IS NOT running
Result of running: 
Monitoring and actisense-serial IS NOT running
Attempt 81
FATAL 2021-05-09T02:45:19.600Z [actisense-serial] Cannot open NGT-1-A device /dev/ttyUSB0
Result of running: 
Monitoring and actisense-serial IS NOT running
Result of running: 
Monitoring and actisense-serial IS NOT running
Result of running: 
Monitoring and actisense-serial IS NOT running
Result of running: 
Monitoring and actisense-serial IS NOT running
Attempt 81 baud rate 230400
FATAL 2021-05-09T02:45:25.177Z [actisense-serial] Cannot open NGT-1-A device /dev/ttyUSB0
Result of running: 
Monitoring and actisense-serial IS NOT running
Result of running: 
Monitoring and actisense-serial IS NOT running
Result of running: 
Monitoring and actisense-serial IS NOT running
Attempt 82
FATAL 2021-05-09T02:45:30.552Z [actisense-serial] Cannot open NGT-1-A device /dev/ttyUSB0
Result of running: 
Monitoring and actisense-serial IS NOT running
Result of running: 
Monitoring and actisense-serial IS NOT running
Result of running: 
Monitoring and actisense-serial IS NOT running
Result of running: 
Monitoring and actisense-serial IS NOT running
Attempt 82 baud rate 230400
FATAL 2021-05-09T02:45:36.190Z [actisense-serial] Cannot open NGT-1-A device /dev/ttyUSB0
Result of running: 
Monitoring and actisense-serial IS NOT running
Result of running: 
Monitoring and actisense-serial IS NOT running
Result of running: 
Monitoring and actisense-serial IS NOT running
Attempt 83
FATAL 2021-05-09T02:45:41.569Z [actisense-serial] Cannot open NGT-1-A device /dev/ttyUSB0
Result of running: 
Monitoring and actisense-serial IS NOT running
Result of running: 
Monitoring and actisense-serial IS NOT running
Result of running: 
Monitoring and actisense-serial IS NOT running
Result of running: 
Monitoring and actisense-serial IS NOT running
Attempt 83 baud rate 230400
FATAL 2021-05-09T02:45:47.291Z [actisense-serial] Cannot open NGT-1-A device /dev/ttyUSB0
Result of running: 
Monitoring and actisense-serial IS NOT running
Result of running: 
Monitoring and actisense-serial IS NOT running
Result of running: 
Monitoring and actisense-serial IS NOT running
Result of running: 
Monitoring and actisense-serial IS NOT running
Attempt 84
FATAL 2021-05-09T02:45:52.670Z [actisense-serial] Cannot open NGT-1-A device /dev/ttyUSB0
Result of running: 
Monitoring and actisense-serial IS NOT running
Result of running: 
Monitoring and actisense-serial IS NOT running
Result of running: 
Monitoring and actisense-serial IS NOT running
Attempt 84 baud rate 230400
FATAL 2021-05-09T02:45:58.224Z [actisense-serial] Cannot open NGT-1-A device /dev/ttyUSB0
Result of running: 
Monitoring and actisense-serial IS NOT running
Result of running: 
Monitoring and actisense-serial IS NOT running
Result of running: 
Monitoring and actisense-serial IS NOT running
Attempt 85
FATAL 2021-05-09T02:46:03.603Z [actisense-serial] Cannot open NGT-1-A device /dev/ttyUSB0
Result of running: 
Monitoring and actisense-serial IS NOT running
Result of running: 
Monitoring and actisense-serial IS NOT running
Result of running: 
Monitoring and actisense-serial IS NOT running
Result of running: 
Monitoring and actisense-serial IS NOT running
Attempt 85 baud rate 230400
FATAL 2021-05-09T02:46:09.188Z [actisense-serial] Cannot open NGT-1-A device /dev/ttyUSB0
Result of running: 
Monitoring and actisense-serial IS NOT running
Result of running: 
Monitoring and actisense-serial IS NOT running
Result of running: 
Monitoring and actisense-serial IS NOT running
Attempt 86
FATAL 2021-05-09T02:46:14.528Z [actisense-serial] Cannot open NGT-1-A device /dev/ttyUSB0
Result of running: 
Monitoring and actisense-serial IS NOT running
Result of running: 
Monitoring and actisense-serial IS NOT running
Result of running: 
Monitoring and actisense-serial IS NOT running
Result of running: 
Monitoring and actisense-serial IS NOT running
Attempt 86 baud rate 230400
FATAL 2021-05-09T02:46:19.904Z [actisense-serial] Cannot open NGT-1-A device /dev/ttyUSB0
Result of running: 
Monitoring and actisense-serial IS NOT running
Result of running: 
Monitoring and actisense-serial IS NOT running
Result of running: 
Monitoring and actisense-serial IS NOT running
Attempt 87
FATAL 2021-05-09T02:46:25.265Z [actisense-serial] Cannot open NGT-1-A device /dev/ttyUSB0
Result of running: 
Monitoring and actisense-serial IS NOT running
Result of running: 
Monitoring and actisense-serial IS NOT running
Result of running: 
Monitoring and actisense-serial IS NOT running
Result of running: 
Monitoring and actisense-serial IS NOT running
Attempt 87 baud rate 230400
FATAL 2021-05-09T02:46:30.986Z [actisense-serial] Cannot open NGT-1-A device /dev/ttyUSB0
Result of running: 
Monitoring and actisense-serial IS NOT running
Result of running: 
Monitoring and actisense-serial IS NOT running
Result of running: 
Monitoring and actisense-serial IS NOT running
Attempt 88
FATAL 2021-05-09T02:46:36.375Z [actisense-serial] Cannot open NGT-1-A device /dev/ttyUSB0
Result of running: 
Monitoring and actisense-serial IS NOT running
Result of running: 
Monitoring and actisense-serial IS NOT running
Result of running: 
Monitoring and actisense-serial IS NOT running
Result of running: 
Monitoring and actisense-serial IS NOT running
Attempt 88 baud rate 230400
FATAL 2021-05-09T02:46:42.053Z [actisense-serial] Cannot open NGT-1-A device /dev/ttyUSB0
Result of running: 
Monitoring and actisense-serial IS NOT running
Result of running: 
Monitoring and actisense-serial IS NOT running
Result of running: 
Monitoring and actisense-serial IS NOT running
Attempt 89
FATAL 2021-05-09T02:46:47.432Z [actisense-serial] Cannot open NGT-1-A device /dev/ttyUSB0
Result of running: 
Monitoring and actisense-serial IS NOT running
Result of running: 
Monitoring and actisense-serial IS NOT running
Result of running: 
Monitoring and actisense-serial IS NOT running
Result of running: 
Monitoring and actisense-serial IS NOT running
Attempt 89 baud rate 230400
FATAL 2021-05-09T02:46:53.228Z [actisense-serial] Cannot open NGT-1-A device /dev/ttyUSB0
Result of running: 
Monitoring and actisense-serial IS NOT running
Result of running: 
Monitoring and actisense-serial IS NOT running
Result of running: 
Monitoring and actisense-serial IS NOT running
Result of running: 
Monitoring and actisense-serial IS NOT running
Attempt 90
FATAL 2021-05-09T02:46:58.585Z [actisense-serial] Cannot open NGT-1-A device /dev/ttyUSB0
Result of running: 
Monitoring and actisense-serial IS NOT running
Result of running: 
Monitoring and actisense-serial IS NOT running
Result of running: 
Monitoring and actisense-serial IS NOT running
Attempt 90 baud rate 230400
FATAL 2021-05-09T02:47:04.226Z [actisense-serial] Cannot open NGT-1-A device /dev/ttyUSB0
Result of running: 
Monitoring and actisense-serial IS NOT running
Result of running: 
Monitoring and actisense-serial IS NOT running
Result of running: 
Monitoring and actisense-serial IS NOT running
Attempt 91
FATAL 2021-05-09T02:47:09.616Z [actisense-serial] Cannot open NGT-1-A device /dev/ttyUSB0
Result of running: 
Monitoring and actisense-serial IS NOT running
Result of running: 
Monitoring and actisense-serial IS NOT running
Result of running: 
Monitoring and actisense-serial IS NOT running
Result of running: 
Monitoring and actisense-serial IS NOT running
Attempt 91 baud rate 230400
FATAL 2021-05-09T02:47:15.123Z [actisense-serial] Cannot open NGT-1-A device /dev/ttyUSB0
Result of running: 
Monitoring and actisense-serial IS NOT running
Result of running: 
Monitoring and actisense-serial IS NOT running
Result of running: 
Monitoring and actisense-serial IS NOT running
Attempt 92
FATAL 2021-05-09T02:47:20.509Z [actisense-serial] Cannot open NGT-1-A device /dev/ttyUSB0
Result of running: 
Monitoring and actisense-serial IS NOT running
Result of running: 
Monitoring and actisense-serial IS NOT running
Result of running: 
Monitoring and actisense-serial IS NOT running
Result of running: 
Monitoring and actisense-serial IS NOT running
Attempt 92 baud rate 230400
FATAL 2021-05-09T02:47:25.873Z [actisense-serial] Cannot open NGT-1-A device /dev/ttyUSB0
Result of running: 
Monitoring and actisense-serial IS NOT running
Result of running: 
Monitoring and actisense-serial IS NOT running
Result of running: 
Monitoring and actisense-serial IS NOT running
Attempt 93
FATAL 2021-05-09T02:47:31.261Z [actisense-serial] Cannot open NGT-1-A device /dev/ttyUSB0
Result of running: 
Monitoring and actisense-serial IS NOT running
Result of running: 
Monitoring and actisense-serial IS NOT running
Result of running: 
Monitoring and actisense-serial IS NOT running
Result of running: 
Monitoring and actisense-serial IS NOT running
Attempt 93 baud rate 230400
FATAL 2021-05-09T02:47:36.820Z [actisense-serial] Cannot open NGT-1-A device /dev/ttyUSB0
Result of running: 
Monitoring and actisense-serial IS NOT running
Result of running: 
Monitoring and actisense-serial IS NOT running
Result of running: 
Monitoring and actisense-serial IS NOT running
Attempt 94
FATAL 2021-05-09T02:47:42.204Z [actisense-serial] Cannot open NGT-1-A device /dev/ttyUSB0
Result of running: 
Monitoring and actisense-serial IS NOT running
Result of running: 
Monitoring and actisense-serial IS NOT running
Result of running: 
Monitoring and actisense-serial IS NOT running
Result of running: 
Monitoring and actisense-serial IS NOT running
Attempt 94 baud rate 230400
FATAL 2021-05-09T02:47:47.571Z [actisense-serial] Cannot open NGT-1-A device /dev/ttyUSB0
Result of running: 
Monitoring and actisense-serial IS NOT running
Result of running: 
Monitoring and actisense-serial IS NOT running
Result of running: 
Monitoring and actisense-serial IS NOT running
Attempt 95
FATAL 2021-05-09T02:47:52.949Z [actisense-serial] Cannot open NGT-1-A device /dev/ttyUSB0
Result of running: 
Monitoring and actisense-serial IS NOT running
Result of running: 
Monitoring and actisense-serial IS NOT running
Result of running: 
Monitoring and actisense-serial IS NOT running
Result of running: 
Monitoring and actisense-serial IS NOT running
Attempt 95 baud rate 230400
FATAL 2021-05-09T02:47:58.317Z [actisense-serial] Cannot open NGT-1-A device /dev/ttyUSB0
Result of running: 
Monitoring and actisense-serial IS NOT running
Result of running: 
Monitoring and actisense-serial IS NOT running
Result of running: 
Monitoring and actisense-serial IS NOT running
Attempt 96
FATAL 2021-05-09T02:48:03.691Z [actisense-serial] Cannot open NGT-1-A device /dev/ttyUSB0
Result of running: 
Monitoring and actisense-serial IS NOT running
Result of running: 
Monitoring and actisense-serial IS NOT running
Result of running: 
Monitoring and actisense-serial IS NOT running
Result of running: 
Monitoring and actisense-serial IS NOT running
Attempt 96 baud rate 230400
FATAL 2021-05-09T02:48:09.206Z [actisense-serial] Cannot open NGT-1-A device /dev/ttyUSB0
Result of running: 
Monitoring and actisense-serial IS NOT running
Result of running: 
Monitoring and actisense-serial IS NOT running
Result of running: 
Monitoring and actisense-serial IS NOT running
Attempt 97
FATAL 2021-05-09T02:48:14.587Z [actisense-serial] Cannot open NGT-1-A device /dev/ttyUSB0
Result of running: 
Monitoring and actisense-serial IS NOT running
Result of running: 
Monitoring and actisense-serial IS NOT running
Result of running: 
Monitoring and actisense-serial IS NOT running
Result of running: 
Monitoring and actisense-serial IS NOT running
Attempt 97 baud rate 230400
FATAL 2021-05-09T02:48:20.163Z [actisense-serial] Cannot open NGT-1-A device /dev/ttyUSB0
Result of running: 
Monitoring and actisense-serial IS NOT running
Result of running: 
Monitoring and actisense-serial IS NOT running
Result of running: 
Monitoring and actisense-serial IS NOT running
Attempt 98
FATAL 2021-05-09T02:48:25.536Z [actisense-serial] Cannot open NGT-1-A device /dev/ttyUSB0
Result of running: 
Monitoring and actisense-serial IS NOT running
Result of running: 
Monitoring and actisense-serial IS NOT running
Result of running: 
Monitoring and actisense-serial IS NOT running
Result of running: 
Monitoring and actisense-serial IS NOT running
Attempt 98 baud rate 230400
FATAL 2021-05-09T02:48:31.156Z [actisense-serial] Cannot open NGT-1-A device /dev/ttyUSB0
Result of running: 
Monitoring and actisense-serial IS NOT running
Result of running: 
Monitoring and actisense-serial IS NOT running
Result of running: 
Monitoring and actisense-serial IS NOT running
Attempt 99
FATAL 2021-05-09T02:48:36.533Z [actisense-serial] Cannot open NGT-1-A device /dev/ttyUSB0
Result of running: 
Monitoring and actisense-serial IS NOT running
Result of running: 
Monitoring and actisense-serial IS NOT running
Result of running: 
Monitoring and actisense-serial IS NOT running
Result of running: 
Monitoring and actisense-serial IS NOT running
Attempt 99 baud rate 230400
FATAL 2021-05-09T02:48:42.141Z [actisense-serial] Cannot open NGT-1-A device /dev/ttyUSB0
Result of running: 
Monitoring and actisense-serial IS NOT running
Result of running: 
Monitoring and actisense-serial IS NOT running
Result of running: 
Monitoring and actisense-serial IS NOT running
Attempt 100
FATAL 2021-05-09T02:48:47.511Z [actisense-serial] Cannot open NGT-1-A device /dev/ttyUSB0
Result of running: 
Monitoring and actisense-serial IS NOT running
Result of running: 
Monitoring and actisense-serial IS NOT running
Result of running: 
Monitoring and actisense-serial IS NOT running
Result of running: 
Monitoring and actisense-serial IS NOT running
Attempt 100 baud rate 230400
FATAL 2021-05-09T02:48:52.820Z [actisense-serial] Cannot open NGT-1-A device /dev/ttyUSB0
Result of running: 
Monitoring and actisense-serial IS NOT running
Result of running: 
Monitoring and actisense-serial IS NOT running
Result of running: 
Monitoring and actisense-serial IS NOT running
Attempt 101
FATAL 2021-05-09T02:48:58.160Z [actisense-serial] Cannot open NGT-1-A device /dev/ttyUSB0
Result of running: 
Monitoring and actisense-serial IS NOT running
Result of running: 
Monitoring and actisense-serial IS NOT running
Result of running: 
Monitoring and actisense-serial IS NOT running
Attempt 101 baud rate 230400
FATAL 2021-05-09T02:49:03.541Z [actisense-serial] Cannot open NGT-1-A device /dev/ttyUSB0
Result of running: 
Monitoring and actisense-serial IS NOT running
Result of running: 
Monitoring and actisense-serial IS NOT running
Result of running: 
Monitoring and actisense-serial IS NOT running
Result of running: 
Monitoring and actisense-serial IS NOT running
Attempt 102
FATAL 2021-05-09T02:49:08.913Z [actisense-serial] Cannot open NGT-1-A device /dev/ttyUSB0
Result of running: 
Monitoring and actisense-serial IS NOT running
Result of running: 
Monitoring and actisense-serial IS NOT running
Result of running: 
Monitoring and actisense-serial IS NOT running
Attempt 102 baud rate 230400
FATAL 2021-05-09T02:49:14.285Z [actisense-serial] Cannot open NGT-1-A device /dev/ttyUSB0
Result of running: 
Monitoring and actisense-serial IS NOT running
Result of running: 
Monitoring and actisense-serial IS NOT running
Result of running: 
Monitoring and actisense-serial IS NOT running
Result of running: 
Monitoring and actisense-serial IS NOT running
Attempt 103
FATAL 2021-05-09T02:49:19.864Z [actisense-serial] Cannot open NGT-1-A device /dev/ttyUSB0
Result of running: 
Monitoring and actisense-serial IS NOT running
Result of running: 
Monitoring and actisense-serial IS NOT running
Result of running: 
Monitoring and actisense-serial IS NOT running
Attempt 103 baud rate 230400
FATAL 2021-05-09T02:49:25.234Z [actisense-serial] Cannot open NGT-1-A device /dev/ttyUSB0
Result of running: 
Monitoring and actisense-serial IS NOT running
Result of running: 
Monitoring and actisense-serial IS NOT running
Result of running: 
Monitoring and actisense-serial IS NOT running
Result of running: 
Monitoring and actisense-serial IS NOT running
Attempt 104
FATAL 2021-05-09T02:49:30.942Z [actisense-serial] Cannot open NGT-1-A device /dev/ttyUSB0
Result of running: 
Monitoring and actisense-serial IS NOT running
Result of running: 
Monitoring and actisense-serial IS NOT running
Result of running: 
Monitoring and actisense-serial IS NOT running
Attempt 104 baud rate 230400
FATAL 2021-05-09T02:49:36.326Z [actisense-serial] Cannot open NGT-1-A device /dev/ttyUSB0
Result of running: 
Monitoring and actisense-serial IS NOT running
Result of running: 
Monitoring and actisense-serial IS NOT running
Result of running: 
Monitoring and actisense-serial IS NOT running
Result of running: 
Monitoring and actisense-serial IS NOT running
Attempt 105
FATAL 2021-05-09T02:49:42.140Z [actisense-serial] Cannot open NGT-1-A device /dev/ttyUSB0
Result of running: 
Monitoring and actisense-serial IS NOT running
Result of running: 
Monitoring and actisense-serial IS NOT running
Result of running: 
Monitoring and actisense-serial IS NOT running
Attempt 105 baud rate 230400
FATAL 2021-05-09T02:49:47.495Z [actisense-serial] Cannot open NGT-1-A device /dev/ttyUSB0
Result of running: 
Monitoring and actisense-serial IS NOT running
Result of running: 
Monitoring and actisense-serial IS NOT running
Result of running: 
Monitoring and actisense-serial IS NOT running
Result of running: 
Monitoring and actisense-serial IS NOT running
Attempt 106
FATAL 2021-05-09T02:49:52.999Z [actisense-serial] Cannot open NGT-1-A device /dev/ttyUSB0
Result of running: 
Monitoring and actisense-serial IS NOT running
Result of running: 
Monitoring and actisense-serial IS NOT running
Result of running: 
Monitoring and actisense-serial IS NOT running
Attempt 106 baud rate 230400
Result of running: 
Monitoring and actisense-serial IS NOT running
FATAL 2021-05-09T02:49:58.392Z [actisense-serial] Cannot open NGT-1-A device /dev/ttyUSB0
Result of running: 
Monitoring and actisense-serial IS NOT running
Result of running: 
Monitoring and actisense-serial IS NOT running
Result of running: 
Monitoring and actisense-serial IS NOT running
Attempt 107
FATAL 2021-05-09T02:50:03.840Z [actisense-serial] Cannot open NGT-1-A device /dev/ttyUSB0
Result of running: 
Monitoring and actisense-serial IS NOT running
Result of running: 
Monitoring and actisense-serial IS NOT running
Result of running: 
Monitoring and actisense-serial IS NOT running
Result of running: 
Monitoring and actisense-serial IS NOT running
Attempt 107 baud rate 230400
FATAL 2021-05-09T02:50:09.225Z [actisense-serial] Cannot open NGT-1-A device /dev/ttyUSB0
Result of running: 
Monitoring and actisense-serial IS NOT running
Result of running: 
Monitoring and actisense-serial IS NOT running
Result of running: 
Monitoring and actisense-serial IS NOT running
Attempt 108
FATAL 2021-05-09T02:50:14.858Z [actisense-serial] Cannot open NGT-1-A device /dev/ttyUSB0
Result of running: 
Monitoring and actisense-serial IS NOT running
Result of running: 
Monitoring and actisense-serial IS NOT running
Result of running: 
Monitoring and actisense-serial IS NOT running
Attempt 108 baud rate 230400
FATAL 2021-05-09T02:50:20.238Z [actisense-serial] Cannot open NGT-1-A device /dev/ttyUSB0
Result of running: 
Monitoring and actisense-serial IS NOT running
Result of running: 
Monitoring and actisense-serial IS NOT running
Result of running: 
Monitoring and actisense-serial IS NOT running
Result of running: 
Monitoring and actisense-serial IS NOT running
Attempt 109
FATAL 2021-05-09T02:50:25.865Z [actisense-serial] Cannot open NGT-1-A device /dev/ttyUSB0
Result of running: 
Monitoring and actisense-serial IS NOT running
Result of running: 
Monitoring and actisense-serial IS NOT running
Result of running: 
Monitoring and actisense-serial IS NOT running
Result of running: 
Monitoring and actisense-serial IS NOT running
Attempt 109 baud rate 230400
FATAL 2021-05-09T02:50:31.258Z [actisense-serial] Cannot open NGT-1-A device /dev/ttyUSB0
Result of running: 
Monitoring and actisense-serial IS NOT running
Result of running: 
Monitoring and actisense-serial IS NOT running
Result of running: 
Monitoring and actisense-serial IS NOT running
Attempt 110
FATAL 2021-05-09T02:50:36.605Z [actisense-serial] Cannot open NGT-1-A device /dev/ttyUSB0
Result of running: 
Monitoring and actisense-serial IS NOT running
Result of running: 
Monitoring and actisense-serial IS NOT running
Result of running: 
Monitoring and actisense-serial IS NOT running
Attempt 110 baud rate 230400
FATAL 2021-05-09T02:50:41.950Z [actisense-serial] Cannot open NGT-1-A device /dev/ttyUSB0
Result of running: 
Monitoring and actisense-serial IS NOT running
Result of running: 
Monitoring and actisense-serial IS NOT running
Result of running: 
Monitoring and actisense-serial IS NOT running
Result of running: 
Monitoring and actisense-serial IS NOT running
Attempt 111
FATAL 2021-05-09T02:50:47.416Z [actisense-serial] Cannot open NGT-1-A device /dev/ttyUSB0
Result of running: 
Monitoring and actisense-serial IS NOT running
Result of running: 
Monitoring and actisense-serial IS NOT running
Result of running: 
Monitoring and actisense-serial IS NOT running
Attempt 111 baud rate 230400
FATAL 2021-05-09T02:50:52.793Z [actisense-serial] Cannot open NGT-1-A device /dev/ttyUSB0
Result of running: 
Monitoring and actisense-serial IS NOT running
Result of running: 
Monitoring and actisense-serial IS NOT running
Result of running: 
Monitoring and actisense-serial IS NOT running
Result of running: 
Monitoring and actisense-serial IS NOT running
Attempt 112
FATAL 2021-05-09T02:50:58.346Z [actisense-serial] Cannot open NGT-1-A device /dev/ttyUSB0
Result of running: 
Monitoring and actisense-serial IS NOT running
Result of running: 
Monitoring and actisense-serial IS NOT running
Result of running: 
Monitoring and actisense-serial IS NOT running
Attempt 112 baud rate 230400
FATAL 2021-05-09T02:51:03.723Z [actisense-serial] Cannot open NGT-1-A device /dev/ttyUSB0
Result of running: 
Monitoring and actisense-serial IS NOT running
Result of running: 
Monitoring and actisense-serial IS NOT running
Result of running: 
Monitoring and actisense-serial IS NOT running
Result of running: 
Monitoring and actisense-serial IS NOT running
Attempt 113
FATAL 2021-05-09T02:51:09.250Z [actisense-serial] Cannot open NGT-1-A device /dev/ttyUSB0
Result of running: 
Monitoring and actisense-serial IS NOT running
Result of running: 
Monitoring and actisense-serial IS NOT running
Result of running: 
Monitoring and actisense-serial IS NOT running
Attempt 113 baud rate 230400
FATAL 2021-05-09T02:51:14.635Z [actisense-serial] Cannot open NGT-1-A device /dev/ttyUSB0
Result of running: 
Monitoring and actisense-serial IS NOT running
Result of running: 
Monitoring and actisense-serial IS NOT running
Result of running: 
Monitoring and actisense-serial IS NOT running
Result of running: 
Monitoring and actisense-serial IS NOT running
Attempt 114
FATAL 2021-05-09T02:51:20.109Z [actisense-serial] Cannot open NGT-1-A device /dev/ttyUSB0
Result of running: 
Monitoring and actisense-serial IS NOT running
Result of running: 
Monitoring and actisense-serial IS NOT running
Result of running: 
Monitoring and actisense-serial IS NOT running
Attempt 114 baud rate 230400
FATAL 2021-05-09T02:51:25.476Z [actisense-serial] Cannot open NGT-1-A device /dev/ttyUSB0
Result of running: 
Monitoring and actisense-serial IS NOT running
Result of running: 
Monitoring and actisense-serial IS NOT running
Result of running: 
Monitoring and actisense-serial IS NOT running
Result of running: 
Monitoring and actisense-serial IS NOT running
Attempt 115
FATAL 2021-05-09T02:51:31.207Z [actisense-serial] Cannot open NGT-1-A device /dev/ttyUSB0
Result of running: 
Monitoring and actisense-serial IS NOT running
Result of running: 
Monitoring and actisense-serial IS NOT running
Result of running: 
Monitoring and actisense-serial IS NOT running
Attempt 115 baud rate 230400
FATAL 2021-05-09T02:51:36.565Z [actisense-serial] Cannot open NGT-1-A device /dev/ttyUSB0
Result of running: 
Monitoring and actisense-serial IS NOT running
Result of running: 
Monitoring and actisense-serial IS NOT running
Result of running: 
Monitoring and actisense-serial IS NOT running
Result of running: 
Monitoring and actisense-serial IS NOT running
Attempt 116
FATAL 2021-05-09T02:51:42.143Z [actisense-serial] Cannot open NGT-1-A device /dev/ttyUSB0
Result of running: 
Monitoring and actisense-serial IS NOT running
Result of running: 
Monitoring and actisense-serial IS NOT running
Result of running: 
Monitoring and actisense-serial IS NOT running
Attempt 116 baud rate 230400
FATAL 2021-05-09T02:51:47.485Z [actisense-serial] Cannot open NGT-1-A device /dev/ttyUSB0
Result of running: 
Monitoring and actisense-serial IS NOT running
Result of running: 
Monitoring and actisense-serial IS NOT running
Result of running: 
Monitoring and actisense-serial IS NOT running
Result of running: 
Monitoring and actisense-serial IS NOT running
Attempt 117
FATAL 2021-05-09T02:51:52.871Z [actisense-serial] Cannot open NGT-1-A device /dev/ttyUSB0
Result of running: 
Monitoring and actisense-serial IS NOT running
Result of running: 
Monitoring and actisense-serial IS NOT running
Result of running: 
Monitoring and actisense-serial IS NOT running
Attempt 117 baud rate 230400
FATAL 2021-05-09T02:51:58.254Z [actisense-serial] Cannot open NGT-1-A device /dev/ttyUSB0
Result of running: 
Monitoring and actisense-serial IS NOT running
Result of running: 
Monitoring and actisense-serial IS NOT running
Result of running: 
Monitoring and actisense-serial IS NOT running
Result of running: 
Monitoring and actisense-serial IS NOT running
Attempt 118
FATAL 2021-05-09T02:52:03.913Z [actisense-serial] Cannot open NGT-1-A device /dev/ttyUSB0
Result of running: 
Monitoring and actisense-serial IS NOT running
Result of running: 
Monitoring and actisense-serial IS NOT running
Result of running: 
Monitoring and actisense-serial IS NOT running
Attempt 118 baud rate 230400
FATAL 2021-05-09T02:52:09.296Z [actisense-serial] Cannot open NGT-1-A device /dev/ttyUSB0
Result of running: 
Monitoring and actisense-serial IS NOT running
Result of running: 
Monitoring and actisense-serial IS NOT running
Result of running: 
Monitoring and actisense-serial IS NOT running
Result of running: 
Monitoring and actisense-serial IS NOT running
Attempt 119
FATAL 2021-05-09T02:52:15.108Z [actisense-serial] Cannot open NGT-1-A device /dev/ttyUSB0
Result of running: 
Monitoring and actisense-serial IS NOT running
Result of running: 
Monitoring and actisense-serial IS NOT running
Result of running: 
Monitoring and actisense-serial IS NOT running
Attempt 119 baud rate 230400
FATAL 2021-05-09T02:52:20.491Z [actisense-serial] Cannot open NGT-1-A device /dev/ttyUSB0
Result of running: 
Monitoring and actisense-serial IS NOT running
Result of running: 
Monitoring and actisense-serial IS NOT running
Result of running: 
Monitoring and actisense-serial IS NOT running
Result of running: 
Monitoring and actisense-serial IS NOT running
Attempt 120
FATAL 2021-05-09T02:52:26.055Z [actisense-serial] Cannot open NGT-1-A device /dev/ttyUSB0
Result of running: 
Monitoring and actisense-serial IS NOT running
Result of running: 
Monitoring and actisense-serial IS NOT running
Result of running: 
Monitoring and actisense-serial IS NOT running
Attempt 120 baud rate 230400
FATAL 2021-05-09T02:52:31.433Z [actisense-serial] Cannot open NGT-1-A device /dev/ttyUSB0
Result of running: 
Monitoring and actisense-serial IS NOT running
Result of running: 
Monitoring and actisense-serial IS NOT running
Result of running: 
Monitoring and actisense-serial IS NOT running
Result of running: 
Monitoring and actisense-serial IS NOT running
Attempt 121
FATAL 2021-05-09T02:52:37.134Z [actisense-serial] Cannot open NGT-1-A device /dev/ttyUSB0
Result of running: 
Monitoring and actisense-serial IS NOT running
Result of running: 
Monitoring and actisense-serial IS NOT running
Result of running: 
Monitoring and actisense-serial IS NOT running
Attempt 121 baud rate 230400
FATAL 2021-05-09T02:52:42.513Z [actisense-serial] Cannot open NGT-1-A device /dev/ttyUSB0
Result of running: 
Monitoring and actisense-serial IS NOT running
Result of running: 
Monitoring and actisense-serial IS NOT running
Result of running: 
Monitoring and actisense-serial IS NOT running
Result of running: 
Monitoring and actisense-serial IS NOT running
Attempt 122
FATAL 2021-05-09T02:52:48.072Z [actisense-serial] Cannot open NGT-1-A device /dev/ttyUSB0
Result of running: 
Monitoring and actisense-serial IS NOT running
Result of running: 
Monitoring and actisense-serial IS NOT running
Result of running: 
Monitoring and actisense-serial IS NOT running
Attempt 122 baud rate 230400
FATAL 2021-05-09T02:52:53.443Z [actisense-serial] Cannot open NGT-1-A device /dev/ttyUSB0
Result of running: 
Monitoring and actisense-serial IS NOT running
Result of running: 
Monitoring and actisense-serial IS NOT running
Result of running: 
Monitoring and actisense-serial IS NOT running
Result of running: 
Monitoring and actisense-serial IS NOT running
Attempt 123
FATAL 2021-05-09T02:52:58.954Z [actisense-serial] Cannot open NGT-1-A device /dev/ttyUSB0
Result of running: 
Monitoring and actisense-serial IS NOT running
Result of running: 
Monitoring and actisense-serial IS NOT running
Result of running: 
Monitoring and actisense-serial IS NOT running
Attempt 123 baud rate 230400
FATAL 2021-05-09T02:53:04.331Z [actisense-serial] Cannot open NGT-1-A device /dev/ttyUSB0
Result of running: 
Monitoring and actisense-serial IS NOT running
Result of running: 
Monitoring and actisense-serial IS NOT running
Result of running: 
Monitoring and actisense-serial IS NOT running
Result of running: 
Monitoring and actisense-serial IS NOT running
Attempt 124
FATAL 2021-05-09T02:53:09.916Z [actisense-serial] Cannot open NGT-1-A device /dev/ttyUSB0
Result of running: 
Monitoring and actisense-serial IS NOT running
Result of running: 
Monitoring and actisense-serial IS NOT running
Result of running: 
Monitoring and actisense-serial IS NOT running
Attempt 124 baud rate 230400
FATAL 2021-05-09T02:53:15.288Z [actisense-serial] Cannot open NGT-1-A device /dev/ttyUSB0
Result of running: 
Monitoring and actisense-serial IS NOT running
Result of running: 
Monitoring and actisense-serial IS NOT running
Result of running: 
Monitoring and actisense-serial IS NOT running
Result of running: 
Monitoring and actisense-serial IS NOT running
Attempt 125
FATAL 2021-05-09T02:53:20.904Z [actisense-serial] Cannot open NGT-1-A device /dev/ttyUSB0
Result of running: 
Monitoring and actisense-serial IS NOT running
Result of running: 
Monitoring and actisense-serial IS NOT running
Result of running: 
Monitoring and actisense-serial IS NOT running
Attempt 125 baud rate 230400
FATAL 2021-05-09T02:53:26.284Z [actisense-serial] Cannot open NGT-1-A device /dev/ttyUSB0
Result of running: 
Monitoring and actisense-serial IS NOT running
Result of running: 
Monitoring and actisense-serial IS NOT running
Result of running: 
Monitoring and actisense-serial IS NOT running
Result of running: 
Monitoring and actisense-serial IS NOT running
Attempt 126
FATAL 2021-05-09T02:53:31.892Z [actisense-serial] Cannot open NGT-1-A device /dev/ttyUSB0
Result of running: 
Monitoring and actisense-serial IS NOT running
Result of running: 
Monitoring and actisense-serial IS NOT running
Result of running: 
Monitoring and actisense-serial IS NOT running
Attempt 126 baud rate 230400
FATAL 2021-05-09T02:53:37.279Z [actisense-serial] Cannot open NGT-1-A device /dev/ttyUSB0
Result of running: 
Monitoring and actisense-serial IS NOT running
Result of running: 
Monitoring and actisense-serial IS NOT running
Result of running: 
Monitoring and actisense-serial IS NOT running
Result of running: 
Monitoring and actisense-serial IS NOT running
Attempt 127
FATAL 2021-05-09T02:53:42.937Z [actisense-serial] Cannot open NGT-1-A device /dev/ttyUSB0
Result of running: 
Monitoring and actisense-serial IS NOT running
Result of running: 
Monitoring and actisense-serial IS NOT running
Result of running: 
Monitoring and actisense-serial IS NOT running
Attempt 127 baud rate 230400
FATAL 2021-05-09T02:53:48.300Z [actisense-serial] Cannot open NGT-1-A device /dev/ttyUSB0
Result of running: 
Monitoring and actisense-serial IS NOT running
Result of running: 
Monitoring and actisense-serial IS NOT running
Result of running: 
Monitoring and actisense-serial IS NOT running
Result of running: 
Monitoring and actisense-serial IS NOT running
Attempt 128
FATAL 2021-05-09T02:53:53.994Z [actisense-serial] Cannot open NGT-1-A device /dev/ttyUSB0
Result of running: 
Monitoring and actisense-serial IS NOT running
Result of running: 
Monitoring and actisense-serial IS NOT running
Result of running: 
Monitoring and actisense-serial IS NOT running
Attempt 128 baud rate 230400
Result of running: 
Monitoring and actisense-serial IS NOT running
FATAL 2021-05-09T02:53:59.378Z [actisense-serial] Cannot open NGT-1-A device /dev/ttyUSB0
Result of running: 
Monitoring and actisense-serial IS NOT running
Result of running: 
Monitoring and actisense-serial IS NOT running
Result of running: 
Monitoring and actisense-serial IS NOT running
Attempt 129
FATAL 2021-05-09T02:54:04.916Z [actisense-serial] Cannot open NGT-1-A device /dev/ttyUSB0
Result of running: 
Monitoring and actisense-serial IS NOT running
Result of running: 
Monitoring and actisense-serial IS NOT running
Result of running: 
Monitoring and actisense-serial IS NOT running
Result of running: 
Monitoring and actisense-serial IS NOT running
Attempt 129 baud rate 230400
FATAL 2021-05-09T02:54:10.298Z [actisense-serial] Cannot open NGT-1-A device /dev/ttyUSB0
Result of running: 
Monitoring and actisense-serial IS NOT running
