Is throttled??
throttled=0x0
Result of running: 
Monitoring and actisense-serial IS NOT running
Attempt 1
Is throttled??
throttled=0x0
Result of running: pi         591  0.0  0.0   1740   316 ?        S    17:19   0:00 actisense-serial -r /dev/ttyUSB0
Monitoring and actisense-serial appears to be running
ERROR 2021-07-22T00:19:19.650Z [actisense-serial] DLE followed by unexpected char 00, ignore message
ERROR 2021-07-22T00:19:19.650Z [actisense-serial] Ignore short command len = 0
Is throttled??
throttled=0x0
Result of running: pi         591  0.5  0.0   1872   316 ?        D    17:19   0:00 actisense-serial -r /dev/ttyUSB0
Monitoring and actisense-serial appears to be running
Is throttled??
throttled=0x0
Result of running: pi         591  0.8  0.0   1872   316 ?        S    17:19   0:00 actisense-serial -r /dev/ttyUSB0
Monitoring and actisense-serial appears to be running
Is throttled??
throttled=0x0
Result of running: pi         591  0.8  0.0   1872   316 ?        S    17:19   0:00 actisense-serial -r /dev/ttyUSB0
Monitoring and actisense-serial appears to be running
Is throttled??
throttled=0x0
Result of running: pi         591  1.0  0.0   1872   316 ?        S    17:19   0:00 actisense-serial -r /dev/ttyUSB0
Monitoring and actisense-serial appears to be running
Is throttled??
throttled=0x0
Result of running: pi         591  0.9  0.0   1872   316 ?        S    17:19   0:00 actisense-serial -r /dev/ttyUSB0
Monitoring and actisense-serial appears to be running
