Is throttled??
throttled=0x0
Result of running: 
Monitoring and actisense-serial IS NOT running
Attempt 1
Is throttled??
throttled=0x0
Result of running: pi         580  0.0  0.0   1740   348 ?        S    17:21   0:00 actisense-serial -r /dev/ttyUSB0
Monitoring and actisense-serial appears to be running
Is throttled??
throttled=0x0
Result of running: pi         580  1.0  0.0   1872   348 ?        S    17:21   0:00 actisense-serial -r /dev/ttyUSB0
Monitoring and actisense-serial appears to be running
Is throttled??
throttled=0x0
Result of running: pi         580  0.8  0.0   1872   348 ?        S    17:21   0:00 actisense-serial -r /dev/ttyUSB0
Monitoring and actisense-serial appears to be running
Is throttled??
throttled=0x0
Result of running: pi         580  1.0  0.0   1872   348 ?        S    17:21   0:00 actisense-serial -r /dev/ttyUSB0
Monitoring and actisense-serial appears to be running
Is throttled??
throttled=0x0
Result of running: pi         580  0.9  0.0   1872   348 ?        S    17:21   0:00 actisense-serial -r /dev/ttyUSB0
Monitoring and actisense-serial appears to be running
Is throttled??
throttled=0x0
Result of running: pi         580  0.9  0.0   1872   348 ?        S    17:21   0:00 actisense-serial -r /dev/ttyUSB0
Monitoring and actisense-serial appears to be running
Is throttled??
throttled=0x0
Result of running: pi         580  1.0  0.0   1872   348 ?        S    17:21   0:00 actisense-serial -r /dev/ttyUSB0
Monitoring and actisense-serial appears to be running
