Is throttled??
throttled=0x0
Result of running: 
Monitoring and actisense-serial IS NOT running
Attempt 1
FATAL 2021-07-23T03:09:18.512Z [actisense-serial] Cannot open NGT-1-A device /dev/ttyUSB0
Is throttled??
throttled=0x0
Result of running: 
Monitoring and actisense-serial IS NOT running
Is throttled??
throttled=0x0
Result of running: 
Monitoring and actisense-serial IS NOT running
Is throttled??
throttled=0x0
Result of running: 
Monitoring and actisense-serial IS NOT running
Attempt 1 baud rate 230400
FATAL 2021-07-23T03:11:08.655Z [actisense-serial] Cannot open NGT-1-A device /dev/ttyUSB0
Is throttled??
throttled=0x0
Result of running: 
Monitoring and actisense-serial IS NOT running
Is throttled??
throttled=0x0
Result of running: 
Monitoring and actisense-serial IS NOT running
Is throttled??
throttled=0x0
Result of running: 
Monitoring and actisense-serial IS NOT running
Attempt 2
FATAL 2021-07-23T03:11:14.041Z [actisense-serial] Cannot open NGT-1-A device /dev/ttyUSB0
Is throttled??
throttled=0x0
Result of running: 
Monitoring and actisense-serial IS NOT running
Is throttled??
throttled=0x0
Result of running: 
Monitoring and actisense-serial IS NOT running
Is throttled??
throttled=0x0
Result of running: 
Monitoring and actisense-serial IS NOT running
Is throttled??
throttled=0x0
Result of running: 
Monitoring and actisense-serial IS NOT running
Attempt 2 baud rate 230400
FATAL 2021-07-23T03:11:19.689Z [actisense-serial] Cannot open NGT-1-A device /dev/ttyUSB0
Is throttled??
throttled=0x0
Result of running: 
Monitoring and actisense-serial IS NOT running
Is throttled??
throttled=0x0
Result of running: 
Monitoring and actisense-serial IS NOT running
Is throttled??
throttled=0x0
Result of running: 
Monitoring and actisense-serial IS NOT running
Attempt 3
FATAL 2021-07-23T03:11:25.045Z [actisense-serial] Cannot open NGT-1-A device /dev/ttyUSB0
Is throttled??
throttled=0x0
Result of running: 
Monitoring and actisense-serial IS NOT running
Is throttled??
throttled=0x0
Result of running: 
Monitoring and actisense-serial IS NOT running
Is throttled??
throttled=0x0
Result of running: 
Monitoring and actisense-serial IS NOT running
Is throttled??
throttled=0x0
Attempt 3 baud rate 230400
Result of running: 
Monitoring and actisense-serial IS NOT running
FATAL 2021-07-23T03:11:30.455Z [actisense-serial] Cannot open NGT-1-A device /dev/ttyUSB0
Is throttled??
throttled=0x0
Result of running: 
Monitoring and actisense-serial IS NOT running
Is throttled??
throttled=0x0
Result of running: 
Monitoring and actisense-serial IS NOT running
Is throttled??
throttled=0x0
Result of running: 
Monitoring and actisense-serial IS NOT running
Attempt 4
FATAL 2021-07-23T03:11:35.627Z [actisense-serial] Cannot open NGT-1-A device /dev/ttyUSB0
Is throttled??
throttled=0x0
Result of running: 
Monitoring and actisense-serial IS NOT running
Is throttled??
throttled=0x0
Result of running: 
Monitoring and actisense-serial IS NOT running
Is throttled??
throttled=0x0
Result of running: 
Monitoring and actisense-serial IS NOT running
Attempt 4 baud rate 230400
FATAL 2021-07-23T03:11:40.981Z [actisense-serial] Cannot open NGT-1-A device /dev/ttyUSB0
Is throttled??
throttled=0x0
Result of running: 
Monitoring and actisense-serial IS NOT running
Is throttled??
throttled=0x0
Result of running: 
Monitoring and actisense-serial IS NOT running
Is throttled??
throttled=0x0
Result of running: 
Monitoring and actisense-serial IS NOT running
Is throttled??
throttled=0x0
Result of running: 
Monitoring and actisense-serial IS NOT running
Attempt 5
FATAL 2021-07-23T03:11:46.749Z [actisense-serial] Cannot open NGT-1-A device /dev/ttyUSB0
Is throttled??
throttled=0x0
Result of running: 
Monitoring and actisense-serial IS NOT running
Is throttled??
throttled=0x0
Result of running: 
Monitoring and actisense-serial IS NOT running
Is throttled??
throttled=0x0
Result of running: 
Monitoring and actisense-serial IS NOT running
Is throttled??
Attempt 5 baud rate 230400
throttled=0x0
FATAL 2021-07-23T03:11:52.149Z [actisense-serial] Cannot open NGT-1-A device /dev/ttyUSB0
Result of running: 
Monitoring and actisense-serial IS NOT running
Is throttled??
throttled=0x0
Result of running: 
Monitoring and actisense-serial IS NOT running
Is throttled??
throttled=0x0
Result of running: 
Monitoring and actisense-serial IS NOT running
Is throttled??
throttled=0x0
Result of running: 
Monitoring and actisense-serial IS NOT running
Attempt 6
FATAL 2021-07-23T03:11:58.116Z [actisense-serial] Cannot open NGT-1-A device /dev/ttyUSB0
Is throttled??
throttled=0x0
Result of running: 
Monitoring and actisense-serial IS NOT running
Is throttled??
throttled=0x0
Result of running: 
Monitoring and actisense-serial IS NOT running
Is throttled??
throttled=0x0
Result of running: 
Monitoring and actisense-serial IS NOT running
Is throttled??
throttled=0x0
Attempt 6 baud rate 230400
FATAL 2021-07-23T03:12:03.517Z [actisense-serial] Cannot open NGT-1-A device /dev/ttyUSB0
Result of running: 
Monitoring and actisense-serial IS NOT running
Is throttled??
throttled=0x0
Result of running: 
Monitoring and actisense-serial IS NOT running
Is throttled??
throttled=0x0
Result of running: 
Monitoring and actisense-serial IS NOT running
Is throttled??
throttled=0x0
Result of running: 
Monitoring and actisense-serial IS NOT running
Attempt 7
FATAL 2021-07-23T03:12:09.011Z [actisense-serial] Cannot open NGT-1-A device /dev/ttyUSB0
Is throttled??
throttled=0x0
Result of running: 
Monitoring and actisense-serial IS NOT running
Is throttled??
throttled=0x0
Result of running: 
Monitoring and actisense-serial IS NOT running
Is throttled??
throttled=0x0
Result of running: 
Monitoring and actisense-serial IS NOT running
Attempt 7 baud rate 230400
FATAL 2021-07-23T03:12:14.406Z [actisense-serial] Cannot open NGT-1-A device /dev/ttyUSB0
Is throttled??
throttled=0x0
Result of running: 
Monitoring and actisense-serial IS NOT running
Is throttled??
throttled=0x0
Result of running: 
Monitoring and actisense-serial IS NOT running
Is throttled??
throttled=0x0
Result of running: 
Monitoring and actisense-serial IS NOT running
Is throttled??
throttled=0x0
Result of running: 
Monitoring and actisense-serial IS NOT running
Attempt 8
FATAL 2021-07-23T03:12:19.724Z [actisense-serial] Cannot open NGT-1-A device /dev/ttyUSB0
Is throttled??
throttled=0x0
Result of running: 
Monitoring and actisense-serial IS NOT running
Is throttled??
throttled=0x0
Result of running: 
Monitoring and actisense-serial IS NOT running
Is throttled??
throttled=0x0
Result of running: 
Monitoring and actisense-serial IS NOT running
Attempt 8 baud rate 230400
FATAL 2021-07-23T03:12:25.226Z [actisense-serial] Cannot open NGT-1-A device /dev/ttyUSB0
Is throttled??
throttled=0x0
Result of running: 
Monitoring and actisense-serial IS NOT running
Is throttled??
throttled=0x0
Result of running: 
Monitoring and actisense-serial IS NOT running
Is throttled??
throttled=0x0
Result of running: 
Monitoring and actisense-serial IS NOT running
Attempt 9
FATAL 2021-07-23T03:12:30.615Z [actisense-serial] Cannot open NGT-1-A device /dev/ttyUSB0
Is throttled??
throttled=0x0
Result of running: 
Monitoring and actisense-serial IS NOT running
Is throttled??
throttled=0x0
Result of running: 
Monitoring and actisense-serial IS NOT running
Is throttled??
throttled=0x0
Result of running: 
Monitoring and actisense-serial IS NOT running
Is throttled??
throttled=0x0
Result of running: 
Monitoring and actisense-serial IS NOT running
Attempt 9 baud rate 230400
FATAL 2021-07-23T03:12:35.933Z [actisense-serial] Cannot open NGT-1-A device /dev/ttyUSB0
Is throttled??
throttled=0x0
Result of running: 
Monitoring and actisense-serial IS NOT running
Is throttled??
throttled=0x0
Result of running: 
Monitoring and actisense-serial IS NOT running
Is throttled??
throttled=0x0
Result of running: 
Monitoring and actisense-serial IS NOT running
Attempt 10
FATAL 2021-07-23T03:12:41.614Z [actisense-serial] Cannot open NGT-1-A device /dev/ttyUSB0
Is throttled??
throttled=0x0
Result of running: 
Monitoring and actisense-serial IS NOT running
Is throttled??
throttled=0x0
Result of running: 
Monitoring and actisense-serial IS NOT running
Is throttled??
throttled=0x0
Result of running: 
Monitoring and actisense-serial IS NOT running
Attempt 10 baud rate 230400
FATAL 2021-07-23T03:12:47.014Z [actisense-serial] Cannot open NGT-1-A device /dev/ttyUSB0
Is throttled??
throttled=0x0
Result of running: 
Monitoring and actisense-serial IS NOT running
Is throttled??
throttled=0x0
Result of running: 
Monitoring and actisense-serial IS NOT running
Is throttled??
throttled=0x0
Result of running: 
Monitoring and actisense-serial IS NOT running
Is throttled??
throttled=0x0
Result of running: 
Monitoring and actisense-serial IS NOT running
Attempt 11
FATAL 2021-07-23T03:12:52.396Z [actisense-serial] Cannot open NGT-1-A device /dev/ttyUSB0
Is throttled??
throttled=0x0
Result of running: 
Monitoring and actisense-serial IS NOT running
Is throttled??
throttled=0x0
Result of running: 
Monitoring and actisense-serial IS NOT running
Is throttled??
throttled=0x0
Result of running: 
Monitoring and actisense-serial IS NOT running
Attempt 11 baud rate 230400
FATAL 2021-07-23T03:12:58.020Z [actisense-serial] Cannot open NGT-1-A device /dev/ttyUSB0
