Result of running: 
Monitoring and actisense-serial IS NOT running
Attempt 1
FATAL 2021-05-09T05:20:54.083Z [actisense-serial] Cannot open NGT-1-A device /dev/ttyUSB0
Result of running: 
Monitoring and actisense-serial IS NOT running
Result of running: 
Monitoring and actisense-serial IS NOT running
Result of running: 
Monitoring and actisense-serial IS NOT running
Attempt 1 baud rate 230400
FATAL 2000-01-01T00:12:15.551Z [actisense-serial] Cannot open NGT-1-A device /dev/ttyUSB0
Result of running: 
Monitoring and actisense-serial IS NOT running
Result of running: 
Monitoring and actisense-serial IS NOT running
Result of running: 
Monitoring and actisense-serial IS NOT running
Result of running: 
Monitoring and actisense-serial IS NOT running
Attempt 2
FATAL 2000-01-01T00:12:20.955Z [actisense-serial] Cannot open NGT-1-A device /dev/ttyUSB0
Result of running: 
Monitoring and actisense-serial IS NOT running
Result of running: 
Monitoring and actisense-serial IS NOT running
Result of running: 
Monitoring and actisense-serial IS NOT running
Attempt 2 baud rate 230400
FATAL 2000-01-01T00:12:26.564Z [actisense-serial] Cannot open NGT-1-A device /dev/ttyUSB0
Result of running: 
Monitoring and actisense-serial IS NOT running
Result of running: 
Monitoring and actisense-serial IS NOT running
Result of running: 
Monitoring and actisense-serial IS NOT running
Attempt 3
FATAL 2000-01-01T00:12:31.963Z [actisense-serial] Cannot open NGT-1-A device /dev/ttyUSB0
Result of running: 
Monitoring and actisense-serial IS NOT running
Result of running: 
Monitoring and actisense-serial IS NOT running
Result of running: 
Monitoring and actisense-serial IS NOT running
Result of running: 
Monitoring and actisense-serial IS NOT running
Attempt 3 baud rate 230400
FATAL 2000-01-01T00:12:37.599Z [actisense-serial] Cannot open NGT-1-A device /dev/ttyUSB0
Result of running: 
Monitoring and actisense-serial IS NOT running
Result of running: 
Monitoring and actisense-serial IS NOT running
Result of running: 
Monitoring and actisense-serial IS NOT running
Attempt 4
FATAL 2021-05-09T05:58:06.164Z [actisense-serial] Cannot open NGT-1-A device /dev/ttyUSB0
Result of running: 
Monitoring and actisense-serial IS NOT running
Result of running: 
Monitoring and actisense-serial IS NOT running
Result of running: 
Monitoring and actisense-serial IS NOT running
Result of running: 
Monitoring and actisense-serial IS NOT running
Attempt 4 baud rate 230400
FATAL 2021-05-09T05:58:11.483Z [actisense-serial] Cannot open NGT-1-A device /dev/ttyUSB0
Result of running: 
Monitoring and actisense-serial IS NOT running
Result of running: 
Monitoring and actisense-serial IS NOT running
Result of running: 
Monitoring and actisense-serial IS NOT running
Attempt 5
FATAL 2021-05-09T05:58:16.978Z [actisense-serial] Cannot open NGT-1-A device /dev/ttyUSB0
Result of running: 
Monitoring and actisense-serial IS NOT running
Result of running: 
Monitoring and actisense-serial IS NOT running
Result of running: 
Monitoring and actisense-serial IS NOT running
Attempt 5 baud rate 230400
FATAL 2021-05-09T05:58:22.383Z [actisense-serial] Cannot open NGT-1-A device /dev/ttyUSB0
Result of running: 
Monitoring and actisense-serial IS NOT running
Result of running: 
Monitoring and actisense-serial IS NOT running
Result of running: 
Monitoring and actisense-serial IS NOT running
Result of running: 
Monitoring and actisense-serial IS NOT running
Attempt 6
FATAL 2021-05-09T05:58:27.992Z [actisense-serial] Cannot open NGT-1-A device /dev/ttyUSB0
Result of running: 
Monitoring and actisense-serial IS NOT running
Result of running: 
Monitoring and actisense-serial IS NOT running
Result of running: 
Monitoring and actisense-serial IS NOT running
Attempt 6 baud rate 230400
FATAL 2021-05-09T05:58:33.378Z [actisense-serial] Cannot open NGT-1-A device /dev/ttyUSB0
Result of running: 
Monitoring and actisense-serial IS NOT running
Result of running: 
Monitoring and actisense-serial IS NOT running
Result of running: 
Monitoring and actisense-serial IS NOT running
Result of running: 
Monitoring and actisense-serial IS NOT running
Attempt 7
FATAL 2021-05-09T05:58:39.094Z [actisense-serial] Cannot open NGT-1-A device /dev/ttyUSB0
Result of running: 
Monitoring and actisense-serial IS NOT running
Result of running: 
Monitoring and actisense-serial IS NOT running
Result of running: 
Monitoring and actisense-serial IS NOT running
Attempt 7 baud rate 230400
FATAL 2021-05-09T05:58:44.496Z [actisense-serial] Cannot open NGT-1-A device /dev/ttyUSB0
Result of running: 
Monitoring and actisense-serial IS NOT running
Result of running: 
Monitoring and actisense-serial IS NOT running
Result of running: 
Monitoring and actisense-serial IS NOT running
Result of running: 
Monitoring and actisense-serial IS NOT running
Attempt 8
FATAL 2021-05-09T05:58:50.254Z [actisense-serial] Cannot open NGT-1-A device /dev/ttyUSB0
Result of running: 
Monitoring and actisense-serial IS NOT running
Result of running: 
Monitoring and actisense-serial IS NOT running
Result of running: 
Monitoring and actisense-serial IS NOT running
Attempt 8 baud rate 230400
FATAL 2021-05-09T05:58:55.657Z [actisense-serial] Cannot open NGT-1-A device /dev/ttyUSB0
Result of running: 
Monitoring and actisense-serial IS NOT running
Result of running: 
Monitoring and actisense-serial IS NOT running
Result of running: 
Monitoring and actisense-serial IS NOT running
Result of running: 
Monitoring and actisense-serial IS NOT running
Attempt 9
FATAL 2021-05-09T05:59:01.118Z [actisense-serial] Cannot open NGT-1-A device /dev/ttyUSB0
Result of running: 
Monitoring and actisense-serial IS NOT running
Result of running: 
Monitoring and actisense-serial IS NOT running
Result of running: 
Monitoring and actisense-serial IS NOT running
Attempt 9 baud rate 230400
FATAL 2021-05-09T05:59:06.426Z [actisense-serial] Cannot open NGT-1-A device /dev/ttyUSB0
Result of running: 
Monitoring and actisense-serial IS NOT running
Result of running: 
Monitoring and actisense-serial IS NOT running
Result of running: 
Monitoring and actisense-serial IS NOT running
Result of running: 
Monitoring and actisense-serial IS NOT running
Attempt 10
FATAL 2021-05-09T05:59:11.806Z [actisense-serial] Cannot open NGT-1-A device /dev/ttyUSB0
Result of running: 
Monitoring and actisense-serial IS NOT running
Result of running: 
Monitoring and actisense-serial IS NOT running
Result of running: 
Monitoring and actisense-serial IS NOT running
Attempt 10 baud rate 230400
FATAL 2021-05-09T05:59:17.543Z [actisense-serial] Cannot open NGT-1-A device /dev/ttyUSB0
Result of running: 
Monitoring and actisense-serial IS NOT running
Result of running: 
Monitoring and actisense-serial IS NOT running
Result of running: 
Monitoring and actisense-serial IS NOT running
Attempt 11
FATAL 2021-05-09T05:59:22.940Z [actisense-serial] Cannot open NGT-1-A device /dev/ttyUSB0
Result of running: 
Monitoring and actisense-serial IS NOT running
Result of running: 
Monitoring and actisense-serial IS NOT running
Result of running: 
Monitoring and actisense-serial IS NOT running
Result of running: 
Monitoring and actisense-serial IS NOT running
Attempt 11 baud rate 230400
FATAL 2021-05-09T05:59:28.720Z [actisense-serial] Cannot open NGT-1-A device /dev/ttyUSB0
Result of running: 
Monitoring and actisense-serial IS NOT running
Result of running: 
Monitoring and actisense-serial IS NOT running
Result of running: 
Monitoring and actisense-serial IS NOT running
Attempt 12
FATAL 2021-05-09T05:59:34.119Z [actisense-serial] Cannot open NGT-1-A device /dev/ttyUSB0
Result of running: 
Monitoring and actisense-serial IS NOT running
Result of running: 
Monitoring and actisense-serial IS NOT running
Result of running: 
Monitoring and actisense-serial IS NOT running
Result of running: 
Monitoring and actisense-serial IS NOT running
Attempt 12 baud rate 230400
FATAL 2021-05-09T05:59:39.779Z [actisense-serial] Cannot open NGT-1-A device /dev/ttyUSB0
Result of running: 
Monitoring and actisense-serial IS NOT running
Result of running: 
Monitoring and actisense-serial IS NOT running
Result of running: 
Monitoring and actisense-serial IS NOT running
Attempt 13
FATAL 2021-05-09T05:59:45.134Z [actisense-serial] Cannot open NGT-1-A device /dev/ttyUSB0
Result of running: 
Monitoring and actisense-serial IS NOT running
Result of running: 
Monitoring and actisense-serial IS NOT running
Result of running: 
Monitoring and actisense-serial IS NOT running
Result of running: 
Monitoring and actisense-serial IS NOT running
Attempt 13 baud rate 230400
FATAL 2021-05-09T05:59:50.971Z [actisense-serial] Cannot open NGT-1-A device /dev/ttyUSB0
Result of running: 
Monitoring and actisense-serial IS NOT running
Result of running: 
Monitoring and actisense-serial IS NOT running
Result of running: 
Monitoring and actisense-serial IS NOT running
Attempt 14
FATAL 2021-05-09T05:59:56.330Z [actisense-serial] Cannot open NGT-1-A device /dev/ttyUSB0
Result of running: 
Monitoring and actisense-serial IS NOT running
Result of running: 
Monitoring and actisense-serial IS NOT running
Result of running: 
Monitoring and actisense-serial IS NOT running
Result of running: 
Monitoring and actisense-serial IS NOT running
Attempt 14 baud rate 230400
FATAL 2021-05-09T06:00:02.130Z [actisense-serial] Cannot open NGT-1-A device /dev/ttyUSB0
Result of running: 
Monitoring and actisense-serial IS NOT running
Result of running: 
Monitoring and actisense-serial IS NOT running
Result of running: 
Monitoring and actisense-serial IS NOT running
Attempt 15
FATAL 2021-05-09T06:00:07.523Z [actisense-serial] Cannot open NGT-1-A device /dev/ttyUSB0
Result of running: 
Monitoring and actisense-serial IS NOT running
Result of running: 
Monitoring and actisense-serial IS NOT running
Result of running: 
Monitoring and actisense-serial IS NOT running
Result of running: 
Monitoring and actisense-serial IS NOT running
Attempt 15 baud rate 230400
FATAL 2021-05-09T06:00:13.121Z [actisense-serial] Cannot open NGT-1-A device /dev/ttyUSB0
Result of running: 
Monitoring and actisense-serial IS NOT running
Result of running: 
Monitoring and actisense-serial IS NOT running
Result of running: 
Monitoring and actisense-serial IS NOT running
Attempt 16
FATAL 2021-05-09T06:00:18.480Z [actisense-serial] Cannot open NGT-1-A device /dev/ttyUSB0
Result of running: 
Monitoring and actisense-serial IS NOT running
Result of running: 
Monitoring and actisense-serial IS NOT running
Result of running: 
Monitoring and actisense-serial IS NOT running
Result of running: 
Monitoring and actisense-serial IS NOT running
Attempt 16 baud rate 230400
FATAL 2021-05-09T06:00:24.333Z [actisense-serial] Cannot open NGT-1-A device /dev/ttyUSB0
Result of running: 
Monitoring and actisense-serial IS NOT running
Result of running: 
Monitoring and actisense-serial IS NOT running
Result of running: 
Monitoring and actisense-serial IS NOT running
Attempt 17
FATAL 2021-05-09T06:00:29.743Z [actisense-serial] Cannot open NGT-1-A device /dev/ttyUSB0
Result of running: 
Monitoring and actisense-serial IS NOT running
