Result of running: 
Monitoring and actisense-serial IS NOT running
Attempt 1
Result of running: pi         556  0.0  0.0   1740   348 ?        S    16:36   0:00 actisense-serial -r /dev/ttyUSB0
Monitoring and actisense-serial appears to be running
Result of running: pi         556  0.0  0.0   1872   348 ?        S    16:36   0:00 actisense-serial -r /dev/ttyUSB0
Monitoring and actisense-serial appears to be running
Result of running: pi         556  0.0  0.0   1872   348 ?        S    16:36   0:00 actisense-serial -r /dev/ttyUSB0
Monitoring and actisense-serial appears to be running
Result of running: pi         556  0.0  0.0   1872   348 ?        S    16:36   0:00 actisense-serial -r /dev/ttyUSB0
Monitoring and actisense-serial appears to be running
Result of running: pi         556  0.0  0.0   1872   348 ?        S    16:36   0:00 actisense-serial -r /dev/ttyUSB0
Monitoring and actisense-serial appears to be running
Result of running: pi         556  0.0  0.0   1872   348 ?        S    16:36   0:00 actisense-serial -r /dev/ttyUSB0
Monitoring and actisense-serial appears to be running
Result of running: pi         556  0.0  0.0   1872   348 ?        S    16:36   0:00 actisense-serial -r /dev/ttyUSB0
Monitoring and actisense-serial appears to be running
Result of running: pi         556  0.0  0.0   1872   348 ?        S    16:36   0:00 actisense-serial -r /dev/ttyUSB0
Monitoring and actisense-serial appears to be running
Result of running: pi         556  0.0  0.0   1872   348 ?        S    16:36   0:00 actisense-serial -r /dev/ttyUSB0
Monitoring and actisense-serial appears to be running
Result of running: pi         556  0.0  0.0   1872   348 ?        S    16:36   0:00 actisense-serial -r /dev/ttyUSB0
Monitoring and actisense-serial appears to be running
